{"C:\\Users\\marce\\OneDrive\\Escritorio\\ACL\\MERN\\src\\index.ts":{"path":"C:\\Users\\marce\\OneDrive\\Escritorio\\ACL\\MERN\\src\\index.ts","statementMap":{"0":{"start":{"line":2,"column":22},"end":{"line":12,"column":3}},"1":{"start":{"line":3,"column":4},"end":{"line":3,"column":33}},"2":{"start":{"line":3,"column":26},"end":{"line":3,"column":33}},"3":{"start":{"line":4,"column":15},"end":{"line":4,"column":52}},"4":{"start":{"line":5,"column":4},"end":{"line":7,"column":5}},"5":{"start":{"line":6,"column":6},"end":{"line":6,"column":68}},"6":{"start":{"line":6,"column":51},"end":{"line":6,"column":63}},"7":{"start":{"line":8,"column":4},"end":{"line":8,"column":39}},"8":{"start":{"line":10,"column":4},"end":{"line":10,"column":33}},"9":{"start":{"line":10,"column":26},"end":{"line":10,"column":33}},"10":{"start":{"line":11,"column":4},"end":{"line":11,"column":17}},"11":{"start":{"line":13,"column":25},"end":{"line":17,"column":2}},"12":{"start":{"line":14,"column":4},"end":{"line":14,"column":72}},"13":{"start":{"line":16,"column":4},"end":{"line":16,"column":21}},"14":{"start":{"line":18,"column":19},"end":{"line":24,"column":1}},"15":{"start":{"line":19,"column":4},"end":{"line":19,"column":42}},"16":{"start":{"line":19,"column":31},"end":{"line":19,"column":42}},"17":{"start":{"line":20,"column":17},"end":{"line":20,"column":19}},"18":{"start":{"line":21,"column":4},"end":{"line":21,"column":141}},"19":{"start":{"line":21,"column":21},"end":{"line":21,"column":141}},"20":{"start":{"line":21,"column":40},"end":{"line":21,"column":141}},"21":{"start":{"line":21,"column":109},"end":{"line":21,"column":141}},"22":{"start":{"line":22,"column":4},"end":{"line":22,"column":36}},"23":{"start":{"line":23,"column":4},"end":{"line":23,"column":18}},"24":{"start":{"line":25,"column":22},"end":{"line":27,"column":1}},"25":{"start":{"line":26,"column":4},"end":{"line":26,"column":62}},"26":{"start":{"line":28,"column":0},"end":{"line":28,"column":62}},"27":{"start":{"line":29,"column":0},"end":{"line":29,"column":38}},"28":{"start":{"line":30,"column":18},"end":{"line":30,"column":53}},"29":{"start":{"line":31,"column":15},"end":{"line":31,"column":47}},"30":{"start":{"line":32,"column":15},"end":{"line":32,"column":46}},"31":{"start":{"line":33,"column":15},"end":{"line":33,"column":47}},"32":{"start":{"line":34,"column":22},"end":{"line":34,"column":70}},"33":{"start":{"line":35,"column":22},"end":{"line":35,"column":70}},"34":{"start":{"line":36,"column":22},"end":{"line":36,"column":70}},"35":{"start":{"line":37,"column":25},"end":{"line":37,"column":76}},"36":{"start":{"line":38,"column":26},"end":{"line":38,"column":78}},"37":{"start":{"line":39,"column":17},"end":{"line":39,"column":62}},"38":{"start":{"line":41,"column":12},"end":{"line":41,"column":36}},"39":{"start":{"line":42,"column":0},"end":{"line":42,"column":18}},"40":{"start":{"line":43,"column":0},"end":{"line":43,"column":16}},"41":{"start":{"line":44,"column":0},"end":{"line":44,"column":34}},"42":{"start":{"line":45,"column":0},"end":{"line":45,"column":31}},"43":{"start":{"line":46,"column":0},"end":{"line":46,"column":76}},"44":{"start":{"line":47,"column":0},"end":{"line":47,"column":59}},"45":{"start":{"line":49,"column":0},"end":{"line":49,"column":24}},"46":{"start":{"line":51,"column":0},"end":{"line":51,"column":45}},"47":{"start":{"line":52,"column":0},"end":{"line":52,"column":45}},"48":{"start":{"line":53,"column":0},"end":{"line":53,"column":45}},"49":{"start":{"line":54,"column":0},"end":{"line":54,"column":51}},"50":{"start":{"line":55,"column":0},"end":{"line":55,"column":53}},"51":{"start":{"line":56,"column":13},"end":{"line":56,"column":37}},"52":{"start":{"line":57,"column":15},"end":{"line":59,"column":2}},"53":{"start":{"line":58,"column":4},"end":{"line":58,"column":50}},"54":{"start":{"line":60,"column":0},"end":{"line":60,"column":24}}},"fnMap":{"0":{"name":"(anonymous_0)","decl":{"start":{"line":2,"column":74},"end":{"line":2,"column":75}},"loc":{"start":{"line":2,"column":96},"end":{"line":9,"column":1}},"line":2},"1":{"name":"(anonymous_1)","decl":{"start":{"line":6,"column":38},"end":{"line":6,"column":39}},"loc":{"start":{"line":6,"column":49},"end":{"line":6,"column":65}},"line":6},"2":{"name":"(anonymous_2)","decl":{"start":{"line":9,"column":6},"end":{"line":9,"column":7}},"loc":{"start":{"line":9,"column":28},"end":{"line":12,"column":1}},"line":9},"3":{"name":"(anonymous_3)","decl":{"start":{"line":13,"column":80},"end":{"line":13,"column":81}},"loc":{"start":{"line":13,"column":95},"end":{"line":15,"column":1}},"line":13},"4":{"name":"(anonymous_4)","decl":{"start":{"line":15,"column":5},"end":{"line":15,"column":6}},"loc":{"start":{"line":15,"column":20},"end":{"line":17,"column":1}},"line":15},"5":{"name":"(anonymous_5)","decl":{"start":{"line":18,"column":50},"end":{"line":18,"column":51}},"loc":{"start":{"line":18,"column":65},"end":{"line":24,"column":1}},"line":18},"6":{"name":"(anonymous_6)","decl":{"start":{"line":25,"column":56},"end":{"line":25,"column":57}},"loc":{"start":{"line":25,"column":71},"end":{"line":27,"column":1}},"line":25},"7":{"name":"(anonymous_7)","decl":{"start":{"line":57,"column":32},"end":{"line":57,"column":33}},"loc":{"start":{"line":57,"column":38},"end":{"line":59,"column":1}},"line":57}},"branchMap":{"0":{"loc":{"start":{"line":2,"column":22},"end":{"line":12,"column":3}},"type":"binary-expr","locations":[{"start":{"line":2,"column":23},"end":{"line":2,"column":27}},{"start":{"line":2,"column":31},"end":{"line":2,"column":51}},{"start":{"line":2,"column":57},"end":{"line":12,"column":2}}],"line":2},"1":{"loc":{"start":{"line":2,"column":57},"end":{"line":12,"column":2}},"type":"cond-expr","locations":[{"start":{"line":2,"column":74},"end":{"line":9,"column":1}},{"start":{"line":9,"column":6},"end":{"line":12,"column":1}}],"line":2},"2":{"loc":{"start":{"line":3,"column":4},"end":{"line":3,"column":33}},"type":"if","locations":[{"start":{"line":3,"column":4},"end":{"line":3,"column":33}},{"start":{"line":3,"column":4},"end":{"line":3,"column":33}}],"line":3},"3":{"loc":{"start":{"line":5,"column":4},"end":{"line":7,"column":5}},"type":"if","locations":[{"start":{"line":5,"column":4},"end":{"line":7,"column":5}},{"start":{"line":5,"column":4},"end":{"line":7,"column":5}}],"line":5},"4":{"loc":{"start":{"line":5,"column":8},"end":{"line":5,"column":85}},"type":"binary-expr","locations":[{"start":{"line":5,"column":8},"end":{"line":5,"column":13}},{"start":{"line":5,"column":18},"end":{"line":5,"column":84}}],"line":5},"5":{"loc":{"start":{"line":5,"column":18},"end":{"line":5,"column":84}},"type":"cond-expr","locations":[{"start":{"line":5,"column":34},"end":{"line":5,"column":47}},{"start":{"line":5,"column":50},"end":{"line":5,"column":84}}],"line":5},"6":{"loc":{"start":{"line":5,"column":50},"end":{"line":5,"column":84}},"type":"binary-expr","locations":[{"start":{"line":5,"column":50},"end":{"line":5,"column":63}},{"start":{"line":5,"column":67},"end":{"line":5,"column":84}}],"line":5},"7":{"loc":{"start":{"line":10,"column":4},"end":{"line":10,"column":33}},"type":"if","locations":[{"start":{"line":10,"column":4},"end":{"line":10,"column":33}},{"start":{"line":10,"column":4},"end":{"line":10,"column":33}}],"line":10},"8":{"loc":{"start":{"line":13,"column":25},"end":{"line":17,"column":2}},"type":"binary-expr","locations":[{"start":{"line":13,"column":26},"end":{"line":13,"column":30}},{"start":{"line":13,"column":34},"end":{"line":13,"column":57}},{"start":{"line":13,"column":63},"end":{"line":17,"column":1}}],"line":13},"9":{"loc":{"start":{"line":13,"column":63},"end":{"line":17,"column":1}},"type":"cond-expr","locations":[{"start":{"line":13,"column":80},"end":{"line":15,"column":1}},{"start":{"line":15,"column":5},"end":{"line":17,"column":1}}],"line":13},"10":{"loc":{"start":{"line":18,"column":19},"end":{"line":24,"column":1}},"type":"binary-expr","locations":[{"start":{"line":18,"column":20},"end":{"line":18,"column":24}},{"start":{"line":18,"column":28},"end":{"line":18,"column":45}},{"start":{"line":18,"column":50},"end":{"line":24,"column":1}}],"line":18},"11":{"loc":{"start":{"line":19,"column":4},"end":{"line":19,"column":42}},"type":"if","locations":[{"start":{"line":19,"column":4},"end":{"line":19,"column":42}},{"start":{"line":19,"column":4},"end":{"line":19,"column":42}}],"line":19},"12":{"loc":{"start":{"line":19,"column":8},"end":{"line":19,"column":29}},"type":"binary-expr","locations":[{"start":{"line":19,"column":8},"end":{"line":19,"column":11}},{"start":{"line":19,"column":15},"end":{"line":19,"column":29}}],"line":19},"13":{"loc":{"start":{"line":21,"column":4},"end":{"line":21,"column":141}},"type":"if","locations":[{"start":{"line":21,"column":4},"end":{"line":21,"column":141}},{"start":{"line":21,"column":4},"end":{"line":21,"column":141}}],"line":21},"14":{"loc":{"start":{"line":21,"column":40},"end":{"line":21,"column":141}},"type":"if","locations":[{"start":{"line":21,"column":40},"end":{"line":21,"column":141}},{"start":{"line":21,"column":40},"end":{"line":21,"column":141}}],"line":21},"15":{"loc":{"start":{"line":21,"column":44},"end":{"line":21,"column":107}},"type":"binary-expr","locations":[{"start":{"line":21,"column":44},"end":{"line":21,"column":59}},{"start":{"line":21,"column":63},"end":{"line":21,"column":107}}],"line":21},"16":{"loc":{"start":{"line":25,"column":22},"end":{"line":27,"column":1}},"type":"binary-expr","locations":[{"start":{"line":25,"column":23},"end":{"line":25,"column":27}},{"start":{"line":25,"column":31},"end":{"line":25,"column":51}},{"start":{"line":25,"column":56},"end":{"line":27,"column":1}}],"line":25},"17":{"loc":{"start":{"line":26,"column":11},"end":{"line":26,"column":61}},"type":"cond-expr","locations":[{"start":{"line":26,"column":37},"end":{"line":26,"column":40}},{"start":{"line":26,"column":43},"end":{"line":26,"column":61}}],"line":26},"18":{"loc":{"start":{"line":26,"column":12},"end":{"line":26,"column":33}},"type":"binary-expr","locations":[{"start":{"line":26,"column":12},"end":{"line":26,"column":15}},{"start":{"line":26,"column":19},"end":{"line":26,"column":33}}],"line":26},"19":{"loc":{"start":{"line":56,"column":13},"end":{"line":56,"column":37}},"type":"binary-expr","locations":[{"start":{"line":56,"column":13},"end":{"line":56,"column":29}},{"start":{"line":56,"column":33},"end":{"line":56,"column":37}}],"line":56}},"s":{"0":1,"1":2,"2":2,"3":2,"4":2,"5":2,"6":1,"7":2,"8":0,"9":0,"10":0,"11":1,"12":1,"13":0,"14":1,"15":1,"16":0,"17":1,"18":1,"19":1,"20":2,"21":2,"22":1,"23":1,"24":1,"25":9,"26":1,"27":1,"28":1,"29":1,"30":1,"31":1,"32":1,"33":1,"34":1,"35":1,"36":1,"37":1,"38":1,"39":1,"40":1,"41":1,"42":1,"43":1,"44":1,"45":1,"46":1,"47":1,"48":1,"49":1,"50":1,"51":1,"52":1,"53":1,"54":1},"f":{"0":2,"1":1,"2":0,"3":1,"4":0,"5":1,"6":9,"7":1},"b":{"0":[1,1,1],"1":[1,0],"2":[2,0],"3":[2,0],"4":[2,2],"5":[0,2],"6":[2,0],"7":[0,0],"8":[1,1,1],"9":[1,0],"10":[1,1,1],"11":[0,1],"12":[1,1],"13":[1,0],"14":[2,0],"15":[2,2],"16":[1,1,1],"17":[6,3],"18":[9,9],"19":[1,0]},"inputSourceMap":{"version":3,"file":"C:/Users/marce/OneDrive/Escritorio/ACL/MERN/src/index.ts","sources":["C:/Users/marce/OneDrive/Escritorio/ACL/MERN/src/index.ts"],"names":[],"mappings":";;;;;;;;;;;;;;;;;;;;;;;;;;;;;AAAA,sDAA8B;AAC9B,gDAAwB;AACxB,+CAAiC;AACjC,gDAAwB;AACxB,uEAA8C;AAC9C,uEAA8C;AAC9C,uEAA8C;AAC9C,6EAAmD;AACnD,+EAAsD;AACtD,+DAA6C;AAK7C,iBAAiB;AACjB,MAAM,GAAG,GAAG,IAAA,iBAAO,GAAE,CAAC;AA4BlB,kBAAG;AA3BP,MAAM,CAAC,MAAM,EAAE,CAAC;AAChB,GAAG,CAAC,GAAG,CAAC,iBAAO,CAAC,IAAI,EAAE,CAAC,CAAC;AACxB,GAAG,CAAC,GAAG,CAAC,IAAA,cAAI,GAAE,CAAC,CAAC;AAChB,GAAG,CAAC,GAAG,CAAC,iBAAO,CAAC,MAAM,CAAC,cAAI,CAAC,IAAI,CAAC,SAAS,EAAE,QAAQ,CAAC,CAAC,CAAC,CAAC,CAAA,wCAAwC;AAChG,GAAG,CAAC,GAAG,CAAC,iBAAO,CAAC,UAAU,CAAC,EAAC,QAAQ,EAAE,KAAK,EAAC,CAAC,CAAC,CAAA;AAG9C,eAAe;AACf,IAAA,gBAAY,GAAE,CAAC;AAGf,QAAQ;AACR,GAAG,CAAC,GAAG,CAAC,YAAY,EAAE,qBAAU,CAAC,CAAC;AAClC,GAAG,CAAC,GAAG,CAAC,YAAY,EAAE,qBAAU,CAAC,CAAC;AAClC,GAAG,CAAC,GAAG,CAAC,YAAY,EAAE,qBAAU,CAAC,CAAC;AAClC,GAAG,CAAC,GAAG,CAAC,eAAe,EAAE,wBAAa,CAAC,CAAC;AACxC,GAAG,CAAC,GAAG,CAAC,gBAAgB,EAAE,yBAAc,CAAC,CAAC;AAI1C,MAAM,IAAI,GAAG,OAAO,CAAC,GAAG,CAAC,IAAI,IAAI,IAAI,CAAC;AACtC,MAAM,MAAM,GAAG,GAAG,CAAC,MAAM,CAAC,IAAI,EAAE,GAAG,EAAE;IACjC,OAAO,CAAC,GAAG,CAAC,0BAA0B,IAAI,EAAE,CAAC,CAAC;AAClD,CAAC,CAAC,CAAA;AAKE,wBAAM","sourcesContent":["import express from 'express';\r\nimport path from 'path';\r\nimport * as dotenv from \"dotenv\";\r\nimport cors from 'cors';\r\nimport authRoutes from './routes/auth.routes';\r\nimport userRoutes from './routes/user.routes';\r\nimport shopRoutes from './routes/shop.routes';\r\nimport productRoutes from './routes/product.routes'\r\nimport categoryRoutes from './routes/category.routes';\r\nimport dbConnection from './database/config';\r\n\r\n\r\n\r\n\r\n//Configuraciones\r\nconst app = express();\r\ndotenv.config();\r\napp.use(express.json());\r\napp.use(cors());\r\napp.use(express.static(path.join(__dirname, \"public\")));//directorio publico archivos e imagenes\r\napp.use(express.urlencoded({extended: false}))\r\n\r\n\r\n//Base de datos\r\ndbConnection();\r\n\r\n\r\n// Rutas\r\napp.use('/api/auth/', authRoutes);\r\napp.use('/api/user/', userRoutes);\r\napp.use('/api/shop/', shopRoutes);\r\napp.use('/api/product/', productRoutes);\r\napp.use('/api/category/', categoryRoutes);\r\n\r\n\r\n\r\nconst PORT = process.env.PORT || 4000;\r\nconst server = app.listen(PORT, () => {\r\n    console.log(`Server running on port ${PORT}`);\r\n})\r\n\r\n\r\nexport {\r\n    app,\r\n    server\r\n};"]},"_coverageSchema":"1a1c01bbd47fc00a2c39e90264f33305004495a9","hash":"7f79a95a2e8cdafaa1166fc910af2160d81737ee","contentHash":"f736198a71327a035360ccc04febace4f4562aed2f4bd4a17bfc04c274986bf2"},"C:\\Users\\marce\\OneDrive\\Escritorio\\ACL\\MERN\\src\\routes\\auth.routes.ts":{"path":"C:\\Users\\marce\\OneDrive\\Escritorio\\ACL\\MERN\\src\\routes\\auth.routes.ts","statementMap":{"0":{"start":{"line":2,"column":22},"end":{"line":4,"column":1}},"1":{"start":{"line":3,"column":4},"end":{"line":3,"column":62}},"2":{"start":{"line":5,"column":0},"end":{"line":5,"column":62}},"3":{"start":{"line":6,"column":18},"end":{"line":6,"column":53}},"4":{"start":{"line":7,"column":37},"end":{"line":7,"column":89}},"5":{"start":{"line":8,"column":22},"end":{"line":8,"column":55}},"6":{"start":{"line":9,"column":26},"end":{"line":9,"column":67}},"7":{"start":{"line":10,"column":30},"end":{"line":10,"column":92}},"8":{"start":{"line":11,"column":15},"end":{"line":11,"column":41}},"9":{"start":{"line":12,"column":0},"end":{"line":12,"column":130}},"10":{"start":{"line":13,"column":0},"end":{"line":13,"column":92}},"11":{"start":{"line":14,"column":0},"end":{"line":14,"column":25}}},"fnMap":{"0":{"name":"(anonymous_0)","decl":{"start":{"line":2,"column":56},"end":{"line":2,"column":57}},"loc":{"start":{"line":2,"column":71},"end":{"line":4,"column":1}},"line":2}},"branchMap":{"0":{"loc":{"start":{"line":2,"column":22},"end":{"line":4,"column":1}},"type":"binary-expr","locations":[{"start":{"line":2,"column":23},"end":{"line":2,"column":27}},{"start":{"line":2,"column":31},"end":{"line":2,"column":51}},{"start":{"line":2,"column":56},"end":{"line":4,"column":1}}],"line":2},"1":{"loc":{"start":{"line":3,"column":11},"end":{"line":3,"column":61}},"type":"cond-expr","locations":[{"start":{"line":3,"column":37},"end":{"line":3,"column":40}},{"start":{"line":3,"column":43},"end":{"line":3,"column":61}}],"line":3},"2":{"loc":{"start":{"line":3,"column":12},"end":{"line":3,"column":33}},"type":"binary-expr","locations":[{"start":{"line":3,"column":12},"end":{"line":3,"column":15}},{"start":{"line":3,"column":19},"end":{"line":3,"column":33}}],"line":3}},"s":{"0":1,"1":2,"2":1,"3":1,"4":1,"5":1,"6":1,"7":1,"8":1,"9":1,"10":1,"11":1},"f":{"0":2},"b":{"0":[1,1,1],"1":[1,1],"2":[2,2]},"inputSourceMap":{"version":3,"file":"C:/Users/marce/OneDrive/Escritorio/ACL/MERN/src/routes/auth.routes.ts","sources":["C:/Users/marce/OneDrive/Escritorio/ACL/MERN/src/routes/auth.routes.ts"],"names":[],"mappings":";;;;;AAAA,sDAA8B;AAC9B,0FAA6E;AAC7E,wDAAyD;AACzD,oEAAwE;AACxE,6FAAiE;AAGjE,MAAM,MAAM,GAAG,iBAAO,CAAC,MAAM,EAAE,CAAC;AAEhC,MAAM,CAAC,IAAI,CAAC,QAAQ,EAAE,IAAA,6CAAgB,EAAC,6BAAe,CAAC,EAAE,uBAAK,CAAC,CAAC;AAGhE,MAAM,CAAC,GAAG,CAAC,aAAa,EAAE,6BAAe,EAAG,iCAAe,CAAC,CAAC;AAG7D,kBAAe,MAAM,CAAC","sourcesContent":["import express from 'express';\r\nimport { schemaValidation } from '../middlewares/schemaValidator.middleware';\r\nimport { loginUserSchema } from '../schemas/auth.schema';\r\nimport { login, revalidateToken } from '../controllers/auth.controller';\r\nimport authenticateJWT from '../middlewares/checkJWT.middleware';\r\n\r\n\r\nconst router = express.Router();\r\n\r\nrouter.post('/login', schemaValidation(loginUserSchema), login);\r\n\r\n\r\nrouter.get('/revalidate', authenticateJWT , revalidateToken);\r\n\r\n\r\nexport default router;"]},"_coverageSchema":"1a1c01bbd47fc00a2c39e90264f33305004495a9","hash":"88def9ac480bb7167586cc1a2fcddba2cb06f17d","contentHash":"6d735d70fd58daf938e6da1bc31609c9fe460586ef16700d8018e12992bb86e2"},"C:\\Users\\marce\\OneDrive\\Escritorio\\ACL\\MERN\\src\\middlewares\\schemaValidator.middleware.ts":{"path":"C:\\Users\\marce\\OneDrive\\Escritorio\\ACL\\MERN\\src\\middlewares\\schemaValidator.middleware.ts","statementMap":{"0":{"start":{"line":2,"column":0},"end":{"line":2,"column":62}},"1":{"start":{"line":3,"column":0},"end":{"line":3,"column":34}},"2":{"start":{"line":4,"column":14},"end":{"line":4,"column":28}},"3":{"start":{"line":5,"column":25},"end":{"line":22,"column":1}},"4":{"start":{"line":5,"column":37},"end":{"line":22,"column":1}},"5":{"start":{"line":6,"column":4},"end":{"line":21,"column":5}},"6":{"start":{"line":7,"column":8},"end":{"line":11,"column":11}},"7":{"start":{"line":12,"column":8},"end":{"line":12,"column":15}},"8":{"start":{"line":15,"column":8},"end":{"line":19,"column":9}},"9":{"start":{"line":16,"column":12},"end":{"line":18,"column":100}},"10":{"start":{"line":18,"column":51},"end":{"line":18,"column":96}},"11":{"start":{"line":20,"column":8},"end":{"line":20,"column":74}},"12":{"start":{"line":23,"column":0},"end":{"line":23,"column":44}}},"fnMap":{"0":{"name":"(anonymous_0)","decl":{"start":{"line":5,"column":25},"end":{"line":5,"column":26}},"loc":{"start":{"line":5,"column":37},"end":{"line":22,"column":1}},"line":5},"1":{"name":"(anonymous_1)","decl":{"start":{"line":5,"column":37},"end":{"line":5,"column":38}},"loc":{"start":{"line":5,"column":57},"end":{"line":22,"column":1}},"line":5},"2":{"name":"(anonymous_2)","decl":{"start":{"line":18,"column":39},"end":{"line":18,"column":40}},"loc":{"start":{"line":18,"column":51},"end":{"line":18,"column":96}},"line":18}},"branchMap":{"0":{"loc":{"start":{"line":15,"column":8},"end":{"line":19,"column":9}},"type":"if","locations":[{"start":{"line":15,"column":8},"end":{"line":19,"column":9}},{"start":{"line":15,"column":8},"end":{"line":19,"column":9}}],"line":15}},"s":{"0":1,"1":1,"2":1,"3":1,"4":6,"5":2,"6":2,"7":2,"8":0,"9":0,"10":0,"11":0,"12":1},"f":{"0":6,"1":2,"2":0},"b":{"0":[0,0]},"inputSourceMap":{"version":3,"file":"C:/Users/marce/OneDrive/Escritorio/ACL/MERN/src/middlewares/schemaValidator.middleware.ts","sources":["C:/Users/marce/OneDrive/Escritorio/ACL/MERN/src/middlewares/schemaValidator.middleware.ts"],"names":[],"mappings":";;;AACA,6BAA0C;AAEnC,MAAM,gBAAgB,GAC7B,CAAC,MAAoB,EAAE,EAAE,CACzB,CAAC,GAAY,EAAE,GAAY,EAAE,IAAiB,EAAE,EAAE;IAC9C,IAAI;QACA,MAAM,CAAC,KAAK,CAAC;YACT,IAAI,EAAE,GAAG,CAAC,IAAI;YACd,MAAM,EAAE,GAAG,CAAC,MAAM;YAClB,KAAK,EAAE,GAAG,CAAC,KAAK;SACnB,CAAC,CAAC;QACH,IAAI,EAAE,CAAC;KACV;IAAC,OAAO,KAAK,EAAE;QACZ,IAAG,KAAK,YAAY,cAAQ,EAAC;YACzB,OAAO,GAAG;iBACL,MAAM,CAAC,GAAG,CAAC;iBACX,IAAI,CAAC,KAAK,CAAC,MAAM,CAAC,GAAG,CAAC,CAAC,KAAK,EAAE,EAAE,CAAC,CAAC,EAAC,KAAK,EAAE,KAAK,CAAC,IAAI,EAAE,OAAO,EAAE,KAAK,CAAC,OAAO,EAAC,CAAC,CAAC,CAAC,CAAC;SACzF;QACD,OAAO,GAAG,CAAC,MAAM,CAAC,GAAG,CAAC,CAAC,IAAI,CAAC,EAAC,OAAO,EAAE,uBAAuB,EAAC,CAAC,CAAC;KACnE;AACL,CAAC,CAAA;AAlBY,QAAA,gBAAgB,oBAkB5B","sourcesContent":["import { NextFunction, Request, Response } from \"express\";\r\nimport {AnyZodObject, ZodError} from 'zod'\r\n\r\nexport const schemaValidation = \r\n(schema: AnyZodObject) =>\r\n(req: Request, res:Response, next:NextFunction) => {\r\n    try {\r\n        schema.parse({\r\n            body: req.body,\r\n            params: req.params,\r\n            query: req.query\r\n        });\r\n        next();\r\n    } catch (error) {\r\n        if(error instanceof ZodError){\r\n            return res\r\n                .status(400)\r\n                .json(error.issues.map((issue) => ({field: issue.path, message: issue.message})));\r\n        }\r\n        return res.status(500).json({message: \"Internal server Error\"});\r\n    }\r\n}"]},"_coverageSchema":"1a1c01bbd47fc00a2c39e90264f33305004495a9","hash":"fdb857dc47f54809030bbc6225621e477352ce9e","contentHash":"74ec7a0b425f50529145032dd8ba327bcc0c704bf9174cbaeef3bdf6d491956c"},"C:\\Users\\marce\\OneDrive\\Escritorio\\ACL\\MERN\\src\\schemas\\auth.schema.ts":{"path":"C:\\Users\\marce\\OneDrive\\Escritorio\\ACL\\MERN\\src\\schemas\\auth.schema.ts","statementMap":{"0":{"start":{"line":2,"column":0},"end":{"line":2,"column":62}},"1":{"start":{"line":3,"column":0},"end":{"line":3,"column":33}},"2":{"start":{"line":4,"column":14},"end":{"line":4,"column":28}},"3":{"start":{"line":5,"column":0},"end":{"line":10,"column":3}}},"fnMap":{},"branchMap":{},"s":{"0":1,"1":1,"2":1,"3":1},"f":{},"b":{},"inputSourceMap":{"version":3,"file":"C:/Users/marce/OneDrive/Escritorio/ACL/MERN/src/schemas/auth.schema.ts","sources":["C:/Users/marce/OneDrive/Escritorio/ACL/MERN/src/schemas/auth.schema.ts"],"names":[],"mappings":";;;AAAA,6BAAwB;AAGX,QAAA,eAAe,GAAG,OAAC,CAAC,MAAM,CAAC;IACpC,IAAI,EAAE,OAAC,CAAC,MAAM,CAAC;QACX,KAAK,EAAE,OAAC,CAAC,MAAM,EAAE,CAAC,KAAK,EAAE,CAAC,QAAQ,CAAC,uBAAuB,CAAC;QAC3D,QAAQ,EAAE,OAAC,CAAC,MAAM,EAAE,CAAC,GAAG,CAAC,CAAC,EAAC,oDAAoD,CAAC,CAAC,GAAG,CAAC,EAAE,EAAE,kCAAkC,CAAC;KAC/H,CAAC;CACL,CAAC,CAAA","sourcesContent":["import { z } from \"zod\";\r\n\r\n\r\nexport const loginUserSchema = z.object({\r\n    body: z.object({\r\n        email: z.string().email().nonempty(\"El email es requerido\"),\r\n        password: z.string().min(8,\"La contraseña debe tener un minimo de 8 caracteres\").max(20, \"La contraseña es demasiado larga\")\r\n    })\r\n})"]},"_coverageSchema":"1a1c01bbd47fc00a2c39e90264f33305004495a9","hash":"e876280ced32d296d611384bb3a129963229d1f7","contentHash":"e882ed6c57d1ace012e798f0336a0c7afeb992382cb1418fbd31feddb18f8bf1"},"C:\\Users\\marce\\OneDrive\\Escritorio\\ACL\\MERN\\src\\controllers\\auth.controller.ts":{"path":"C:\\Users\\marce\\OneDrive\\Escritorio\\ACL\\MERN\\src\\controllers\\auth.controller.ts","statementMap":{"0":{"start":{"line":2,"column":22},"end":{"line":4,"column":1}},"1":{"start":{"line":3,"column":4},"end":{"line":3,"column":62}},"2":{"start":{"line":5,"column":0},"end":{"line":5,"column":62}},"3":{"start":{"line":6,"column":0},"end":{"line":6,"column":49}},"4":{"start":{"line":7,"column":19},"end":{"line":7,"column":55}},"5":{"start":{"line":8,"column":15},"end":{"line":8,"column":57}},"6":{"start":{"line":9,"column":14},"end":{"line":9,"column":39}},"7":{"start":{"line":10,"column":15},"end":{"line":10,"column":57}},"8":{"start":{"line":11,"column":14},"end":{"line":40,"column":1}},"9":{"start":{"line":12,"column":32},"end":{"line":12,"column":40}},"10":{"start":{"line":13,"column":4},"end":{"line":39,"column":5}},"11":{"start":{"line":14,"column":19},"end":{"line":14,"column":23}},"12":{"start":{"line":15,"column":21},"end":{"line":15,"column":60}},"13":{"start":{"line":16,"column":21},"end":{"line":16,"column":60}},"14":{"start":{"line":17,"column":8},"end":{"line":19,"column":9}},"15":{"start":{"line":18,"column":12},"end":{"line":18,"column":26}},"16":{"start":{"line":20,"column":8},"end":{"line":22,"column":9}},"17":{"start":{"line":21,"column":12},"end":{"line":21,"column":26}},"18":{"start":{"line":23,"column":8},"end":{"line":25,"column":9}},"19":{"start":{"line":24,"column":12},"end":{"line":24,"column":86}},"20":{"start":{"line":28,"column":30},"end":{"line":28,"column":85}},"21":{"start":{"line":29,"column":8},"end":{"line":30,"column":86}},"22":{"start":{"line":30,"column":12},"end":{"line":30,"column":86}},"23":{"start":{"line":32,"column":22},"end":{"line":32,"column":112}},"24":{"start":{"line":33,"column":8},"end":{"line":35,"column":11}},"25":{"start":{"line":38,"column":8},"end":{"line":38,"column":67}},"26":{"start":{"line":41,"column":0},"end":{"line":41,"column":22}},"27":{"start":{"line":42,"column":24},"end":{"line":69,"column":1}},"28":{"start":{"line":43,"column":16},"end":{"line":43,"column":23}},"29":{"start":{"line":44,"column":21},"end":{"line":44,"column":33}},"30":{"start":{"line":45,"column":18},"end":{"line":45,"column":27}},"31":{"start":{"line":46,"column":4},"end":{"line":68,"column":5}},"32":{"start":{"line":47,"column":23},"end":{"line":47,"column":57}},"33":{"start":{"line":48,"column":23},"end":{"line":48,"column":57}},"34":{"start":{"line":50,"column":8},"end":{"line":52,"column":9}},"35":{"start":{"line":51,"column":12},"end":{"line":51,"column":26}},"36":{"start":{"line":53,"column":8},"end":{"line":55,"column":9}},"37":{"start":{"line":54,"column":12},"end":{"line":54,"column":26}},"38":{"start":{"line":56,"column":8},"end":{"line":57,"column":110}},"39":{"start":{"line":57,"column":12},"end":{"line":57,"column":110}},"40":{"start":{"line":58,"column":22},"end":{"line":58,"column":76}},"41":{"start":{"line":59,"column":8},"end":{"line":64,"column":11}},"42":{"start":{"line":67,"column":8},"end":{"line":67,"column":99}},"43":{"start":{"line":70,"column":0},"end":{"line":70,"column":42}}},"fnMap":{"0":{"name":"(anonymous_0)","decl":{"start":{"line":2,"column":56},"end":{"line":2,"column":57}},"loc":{"start":{"line":2,"column":71},"end":{"line":4,"column":1}},"line":2},"1":{"name":"(anonymous_1)","decl":{"start":{"line":11,"column":14},"end":{"line":11,"column":15}},"loc":{"start":{"line":11,"column":34},"end":{"line":40,"column":1}},"line":11},"2":{"name":"(anonymous_2)","decl":{"start":{"line":42,"column":24},"end":{"line":42,"column":25}},"loc":{"start":{"line":42,"column":44},"end":{"line":69,"column":1}},"line":42}},"branchMap":{"0":{"loc":{"start":{"line":2,"column":22},"end":{"line":4,"column":1}},"type":"binary-expr","locations":[{"start":{"line":2,"column":23},"end":{"line":2,"column":27}},{"start":{"line":2,"column":31},"end":{"line":2,"column":51}},{"start":{"line":2,"column":56},"end":{"line":4,"column":1}}],"line":2},"1":{"loc":{"start":{"line":3,"column":11},"end":{"line":3,"column":61}},"type":"cond-expr","locations":[{"start":{"line":3,"column":37},"end":{"line":3,"column":40}},{"start":{"line":3,"column":43},"end":{"line":3,"column":61}}],"line":3},"2":{"loc":{"start":{"line":3,"column":12},"end":{"line":3,"column":33}},"type":"binary-expr","locations":[{"start":{"line":3,"column":12},"end":{"line":3,"column":15}},{"start":{"line":3,"column":19},"end":{"line":3,"column":33}}],"line":3},"3":{"loc":{"start":{"line":17,"column":8},"end":{"line":19,"column":9}},"type":"if","locations":[{"start":{"line":17,"column":8},"end":{"line":19,"column":9}},{"start":{"line":17,"column":8},"end":{"line":19,"column":9}}],"line":17},"4":{"loc":{"start":{"line":20,"column":8},"end":{"line":22,"column":9}},"type":"if","locations":[{"start":{"line":20,"column":8},"end":{"line":22,"column":9}},{"start":{"line":20,"column":8},"end":{"line":22,"column":9}}],"line":20},"5":{"loc":{"start":{"line":23,"column":8},"end":{"line":25,"column":9}},"type":"if","locations":[{"start":{"line":23,"column":8},"end":{"line":25,"column":9}},{"start":{"line":23,"column":8},"end":{"line":25,"column":9}}],"line":23},"6":{"loc":{"start":{"line":29,"column":8},"end":{"line":30,"column":86}},"type":"if","locations":[{"start":{"line":29,"column":8},"end":{"line":30,"column":86}},{"start":{"line":29,"column":8},"end":{"line":30,"column":86}}],"line":29},"7":{"loc":{"start":{"line":50,"column":8},"end":{"line":52,"column":9}},"type":"if","locations":[{"start":{"line":50,"column":8},"end":{"line":52,"column":9}},{"start":{"line":50,"column":8},"end":{"line":52,"column":9}}],"line":50},"8":{"loc":{"start":{"line":53,"column":8},"end":{"line":55,"column":9}},"type":"if","locations":[{"start":{"line":53,"column":8},"end":{"line":55,"column":9}},{"start":{"line":53,"column":8},"end":{"line":55,"column":9}}],"line":53},"9":{"loc":{"start":{"line":56,"column":8},"end":{"line":57,"column":110}},"type":"if","locations":[{"start":{"line":56,"column":8},"end":{"line":57,"column":110}},{"start":{"line":56,"column":8},"end":{"line":57,"column":110}}],"line":56}},"s":{"0":1,"1":3,"2":1,"3":1,"4":1,"5":1,"6":1,"7":1,"8":1,"9":1,"10":1,"11":1,"12":1,"13":1,"14":1,"15":0,"16":1,"17":1,"18":1,"19":0,"20":1,"21":1,"22":0,"23":1,"24":1,"25":0,"26":1,"27":1,"28":0,"29":0,"30":0,"31":0,"32":0,"33":0,"34":0,"35":0,"36":0,"37":0,"38":0,"39":0,"40":0,"41":0,"42":0,"43":1},"f":{"0":3,"1":1,"2":0},"b":{"0":[1,1,1],"1":[2,1],"2":[3,3],"3":[0,1],"4":[1,0],"5":[0,1],"6":[0,1],"7":[0,0],"8":[0,0],"9":[0,0]},"inputSourceMap":{"version":3,"file":"C:/Users/marce/OneDrive/Escritorio/ACL/MERN/src/controllers/auth.controller.ts","sources":["C:/Users/marce/OneDrive/Escritorio/ACL/MERN/src/controllers/auth.controller.ts"],"names":[],"mappings":";;;;;;AACA,wDAA8B;AAC9B,0DAAkC;AAClC,wCAA6C;AAE7C,0DAAkC;AAG3B,MAAM,KAAK,GAAG,KAAK,EAAC,GAAY,EAAE,GAAa,EAAE,EAAE;IACtD,MAAM,EAAC,KAAK,EAAE,QAAQ,EAAC,GAAG,GAAG,CAAC,IAAI,CAAC;IACnC,IAAI;QACA,IAAI,IAAI,GAAG,IAAI,CAAC;QAChB,IAAI,MAAM,GAAG,MAAM,cAAI,CAAC,OAAO,CAAC,EAAC,KAAK,EAAC,CAAC,CAAC,CAAC,6BAA6B;QACvE,IAAI,MAAM,GAAG,MAAM,cAAI,CAAC,OAAO,CAAC,EAAC,KAAK,EAAC,CAAC,CAAC;QAGzC,IAAG,MAAM,EAAC;YACN,IAAI,GAAG,MAAM,CAAC;SACjB;QACD,IAAG,MAAM,EAAC;YACN,IAAI,GAAG,MAAM,CAAC;SACjB;QAED,IAAG,CAAC,IAAI,EAAC;YACL,OAAO,GAAG,CAAC,MAAM,CAAC,GAAG,CAAC,CAAC,IAAI,CAAC,EAAC,OAAO,EAAC,+BAA+B,EAAC,CAAC,CAAA;SACzE;QAAA,CAAC;QAIF,mBAAmB;QACnB,MAAM,aAAa,GAAG,kBAAM,CAAC,WAAW,CAAC,QAAQ,EAAE,IAAI,CAAC,QAAQ,CAAC,CAAC;QAElE,IAAG,CAAC,aAAa;YAAE,OAAO,GAAG,CAAC,MAAM,CAAC,GAAG,CAAC,CAAC,IAAI,CAAC,EAAC,OAAO,EAAC,+BAA+B,EAAC,CAAC,CAAC;QAE1F,aAAa;QACb,MAAM,KAAK,GAAG,MAAM,IAAA,iBAAW,EAAC,EAAC,GAAG,EAAE,IAAI,CAAC,EAAE,EAAE,QAAQ,EAAE,IAAI,CAAC,QAAQ,EAAE,KAAK,EAAE,IAAI,CAAC,KAAK,EAAC,CAAC,CAAC;QAE5F,GAAG,CAAC,IAAI,CAAC;YACL,KAAK;SACR,CAAC,CAAA;KAGL;IAAC,OAAO,KAAK,EAAE;QACZ,GAAG,CAAC,MAAM,CAAC,GAAG,CAAC,CAAC,IAAI,CAAC,EAAC,OAAO,EAAC,uBAAuB,EAAC,CAAC,CAAA;KAC1D;AACL,CAAC,CAAA;AArCY,QAAA,KAAK,SAqCjB;AAGM,MAAM,eAAe,GAAG,KAAK,EAAC,GAAgB,EAAE,GAAa,EAAE,EAAE;IAEpE,MAAM,GAAG,GAAG,GAAG,CAAC,GAAI,CAAC;IACrB,MAAM,QAAQ,GAAG,GAAG,CAAC,QAAS,CAAC;IAC/B,MAAM,KAAK,GAAG,GAAG,CAAC,KAAM,CAAC;IAEzB,IAAI;QAEA,MAAM,MAAM,GAAG,MAAM,cAAI,CAAC,QAAQ,CAAC,GAAG,CAAC,CAAC;QACxC,MAAM,MAAM,GAAG,MAAM,cAAI,CAAC,QAAQ,CAAC,GAAG,CAAC,CAAC;QAExC,IAAI,IAAI,CAAC;QAET,IAAG,MAAM,EAAC;YACN,IAAI,GAAG,MAAM,CAAC;SACjB;QAED,IAAG,MAAM,EAAC;YACN,IAAI,GAAG,MAAM,CAAC;SACjB;QAED,IAAG,CAAC,IAAI;YAAE,OAAO,GAAG,CAAC,MAAM,CAAC,GAAG,CAAC,CAAC,IAAI,CAAC,EAAC,OAAO,EAAE,uDAAuD,EAAC,CAAC,CAAA;QAEzG,MAAM,KAAK,GAAG,MAAM,IAAA,iBAAW,EAAC,EAAC,GAAG,EAAE,QAAQ,EAAE,KAAK,EAAC,CAAC,CAAC;QAExD,GAAG,CAAC,IAAI,CAAC;YACL,GAAG;YACH,QAAQ;YACR,KAAK;YACL,KAAK;SACR,CAAC,CAAA;KACL;IAAC,OAAO,KAAK,EAAE;QACZ,GAAG,CAAC,MAAM,CAAC,GAAG,CAAC,CAAC,IAAI,CAAC,EAAC,OAAO,EAAE,uDAAuD,EAAC,CAAC,CAAA;KAC3F;AAOL,CAAC,CAAA;AAxCY,QAAA,eAAe,mBAwC3B","sourcesContent":["import { Request, Response } from \"express\";\r\nimport bcrypt from 'bcryptjs';\r\nimport User from \"../models/User\";\r\nimport { generateJWT } from \"../helpers/jwt\";\r\nimport { JWTRequestI } from \"../middlewares/checkJWT.middleware\";\r\nimport Shop from \"../models/Shop\";\r\n\r\n\r\nexport const login = async(req: Request, res: Response) => {\r\n    const {email, password} = req.body;\r\n    try {\r\n        let user = null;\r\n        let isUser = await User.findOne({email}); // Busca al usuario por email\r\n        let isShop = await Shop.findOne({email});\r\n\r\n        \r\n        if(isShop){\r\n            user = isShop;\r\n        }\r\n        if(isUser){\r\n            user = isUser;\r\n        }\r\n\r\n        if(!user){ \r\n            return res.status(401).json({message:\"Email o contraseña incorrecto\"})\r\n        };\r\n\r\n\r\n\r\n        //Validar passoword\r\n        const validPassword = bcrypt.compareSync(password, user.password);\r\n\r\n        if(!validPassword) return res.status(401).json({message:\"Email o contraseña incorrecto\"});\r\n\r\n        //Generar jwt\r\n        const token = await generateJWT({uid: user.id, username: user.username, roles: user.roles});\r\n\r\n        res.json({\r\n            token\r\n        })\r\n\r\n        \r\n    } catch (error) {\r\n        res.status(500).json({message:\"Internal server error\"})\r\n    }\r\n}\r\n\r\n\r\nexport const revalidateToken = async(req: JWTRequestI, res: Response) => {\r\n\r\n    const uid = req.uid!;\r\n    const username = req.username!;\r\n    const roles = req.roles!;\r\n\r\n    try {\r\n\r\n        const isUser = await User.findById(uid);\r\n        const isShop = await Shop.findById(uid);\r\n    \r\n        let user;\r\n    \r\n        if(isUser){\r\n            user = isUser;\r\n        }\r\n    \r\n        if(isShop){\r\n            user = isShop;\r\n        }\r\n\r\n        if(!user) return res.status(400).json({message: \"Usuario no encontrado, no se puede revalidar el token\"})\r\n\r\n        const token = await generateJWT({uid, username, roles});\r\n\r\n        res.json({\r\n            uid,\r\n            username,\r\n            roles,\r\n            token\r\n        })\r\n    } catch (error) {\r\n        res.status(400).json({message: \"Usuario no encontrado, no se puede revalidar el token\"})\r\n    }\r\n\r\n\r\n\r\n\r\n\r\n\r\n}"]},"_coverageSchema":"1a1c01bbd47fc00a2c39e90264f33305004495a9","hash":"4a92b9afa99371ee2b6bf9f97f7217a1ac581e8d","contentHash":"3d212d3f0e9efff90019752437d1fe5942e52a2c49b488b78eb2cebd415fb009"},"C:\\Users\\marce\\OneDrive\\Escritorio\\ACL\\MERN\\src\\models\\User.ts":{"path":"C:\\Users\\marce\\OneDrive\\Escritorio\\ACL\\MERN\\src\\models\\User.ts","statementMap":{"0":{"start":{"line":2,"column":0},"end":{"line":2,"column":62}},"1":{"start":{"line":3,"column":19},"end":{"line":3,"column":38}},"2":{"start":{"line":4,"column":19},"end":{"line":25,"column":2}},"3":{"start":{"line":26,"column":0},"end":{"line":26,"column":60}}},"fnMap":{},"branchMap":{},"s":{"0":1,"1":1,"2":1,"3":1},"f":{},"b":{},"inputSourceMap":{"version":3,"file":"C:/Users/marce/OneDrive/Escritorio/ACL/MERN/src/models/User.ts","sources":["C:/Users/marce/OneDrive/Escritorio/ACL/MERN/src/models/User.ts"],"names":[],"mappings":";;AAAA,uCAAmE;AAYnE,MAAM,UAAU,GAAG,IAAI,iBAAM,CAAQ;IACjC,QAAQ,EAAC;QACL,IAAI,EAAE,MAAM;QACZ,QAAQ,EAAE,IAAI;KACjB;IACD,KAAK,EAAE;QACH,IAAI,EAAE,MAAM;QACZ,MAAM,EAAE,IAAI;QACZ,QAAQ,EAAE,IAAI;KACjB;IACD,QAAQ,EAAE;QACN,IAAI,EAAE,MAAM;QACZ,QAAQ,EAAE,IAAI;KACjB;IACD,OAAO,EAAE;QACL,IAAI,EAAE,iBAAM,CAAC,KAAK,CAAC,QAAQ,EAAE,GAAG,EAAE,SAAS,EAAE,QAAQ,EAAE,IAAI;KAC9D;IACD,KAAK,EAAC;QACF,IAAI,EAAE,CAAC,MAAM,CAAC;QACd,QAAQ,EAAE,IAAI;KACjB;CACJ,CAAC,CAAC;AAGH,kBAAe,IAAA,gBAAK,EAAC,MAAM,EAAE,UAAU,CAAC,CAAC","sourcesContent":["import { Schema, SchemaDefinitionProperty, model } from \"mongoose\";\r\nimport {RolesEnum} from '../enums/user.enum';\r\n\r\nexport interface UserI{\r\n    username: string,\r\n    email: string,\r\n    password:string,\r\n    profile: SchemaDefinitionProperty<string>,\r\n    roles: RolesEnum[],\r\n}\r\n\r\n\r\nconst UserSchema = new Schema<UserI>({\r\n    username:{\r\n        type: String,\r\n        required: true,\r\n    },\r\n    email: {\r\n        type: String,\r\n        unique: true,\r\n        required: true,\r\n    },\r\n    password: {\r\n        type: String,\r\n        required: true\r\n    },\r\n    profile: {\r\n        type: Schema.Types.ObjectId, ref: \"Profile\", required: true\r\n    },\r\n    roles:{\r\n        type: [String],\r\n        required: true\r\n    }\r\n});\r\n\r\n\r\nexport default model('User', UserSchema);"]},"_coverageSchema":"1a1c01bbd47fc00a2c39e90264f33305004495a9","hash":"3d8d7468f4c6b9b82e5400557774b10941af5d23","contentHash":"74946c79be80b109704cc574bfc94d3bf7e0fc2c6a13cdc670ef444b21cffc2c"},"C:\\Users\\marce\\OneDrive\\Escritorio\\ACL\\MERN\\src\\helpers\\jwt.ts":{"path":"C:\\Users\\marce\\OneDrive\\Escritorio\\ACL\\MERN\\src\\helpers\\jwt.ts","statementMap":{"0":{"start":{"line":2,"column":22},"end":{"line":4,"column":1}},"1":{"start":{"line":3,"column":4},"end":{"line":3,"column":62}},"2":{"start":{"line":5,"column":0},"end":{"line":5,"column":62}},"3":{"start":{"line":6,"column":0},"end":{"line":6,"column":29}},"4":{"start":{"line":7,"column":23},"end":{"line":7,"column":63}},"5":{"start":{"line":8,"column":20},"end":{"line":23,"column":1}},"6":{"start":{"line":9,"column":4},"end":{"line":22,"column":7}},"7":{"start":{"line":10,"column":24},"end":{"line":10,"column":48}},"8":{"start":{"line":11,"column":8},"end":{"line":21,"column":11}},"9":{"start":{"line":15,"column":12},"end":{"line":18,"column":13}},"10":{"start":{"line":16,"column":16},"end":{"line":16,"column":33}},"11":{"start":{"line":17,"column":16},"end":{"line":17,"column":54}},"12":{"start":{"line":20,"column":12},"end":{"line":20,"column":27}},"13":{"start":{"line":24,"column":0},"end":{"line":24,"column":34}}},"fnMap":{"0":{"name":"(anonymous_0)","decl":{"start":{"line":2,"column":56},"end":{"line":2,"column":57}},"loc":{"start":{"line":2,"column":71},"end":{"line":4,"column":1}},"line":2},"1":{"name":"(anonymous_1)","decl":{"start":{"line":8,"column":20},"end":{"line":8,"column":21}},"loc":{"start":{"line":8,"column":50},"end":{"line":23,"column":1}},"line":8},"2":{"name":"(anonymous_2)","decl":{"start":{"line":9,"column":23},"end":{"line":9,"column":24}},"loc":{"start":{"line":9,"column":44},"end":{"line":22,"column":5}},"line":9},"3":{"name":"(anonymous_3)","decl":{"start":{"line":13,"column":11},"end":{"line":13,"column":12}},"loc":{"start":{"line":13,"column":27},"end":{"line":21,"column":9}},"line":13}},"branchMap":{"0":{"loc":{"start":{"line":2,"column":22},"end":{"line":4,"column":1}},"type":"binary-expr","locations":[{"start":{"line":2,"column":23},"end":{"line":2,"column":27}},{"start":{"line":2,"column":31},"end":{"line":2,"column":51}},{"start":{"line":2,"column":56},"end":{"line":4,"column":1}}],"line":2},"1":{"loc":{"start":{"line":3,"column":11},"end":{"line":3,"column":61}},"type":"cond-expr","locations":[{"start":{"line":3,"column":37},"end":{"line":3,"column":40}},{"start":{"line":3,"column":43},"end":{"line":3,"column":61}}],"line":3},"2":{"loc":{"start":{"line":3,"column":12},"end":{"line":3,"column":33}},"type":"binary-expr","locations":[{"start":{"line":3,"column":12},"end":{"line":3,"column":15}},{"start":{"line":3,"column":19},"end":{"line":3,"column":33}}],"line":3},"3":{"loc":{"start":{"line":11,"column":45},"end":{"line":11,"column":78}},"type":"binary-expr","locations":[{"start":{"line":11,"column":45},"end":{"line":11,"column":72}},{"start":{"line":11,"column":76},"end":{"line":11,"column":78}}],"line":11},"4":{"loc":{"start":{"line":15,"column":12},"end":{"line":18,"column":13}},"type":"if","locations":[{"start":{"line":15,"column":12},"end":{"line":18,"column":13}},{"start":{"line":15,"column":12},"end":{"line":18,"column":13}}],"line":15}},"s":{"0":1,"1":1,"2":1,"3":1,"4":1,"5":1,"6":1,"7":1,"8":1,"9":1,"10":0,"11":0,"12":1,"13":1},"f":{"0":1,"1":1,"2":1,"3":1},"b":{"0":[1,1,1],"1":[0,1],"2":[1,1],"3":[1,0],"4":[0,1]},"inputSourceMap":{"version":3,"file":"C:/Users/marce/OneDrive/Escritorio/ACL/MERN/src/helpers/jwt.ts","sources":["C:/Users/marce/OneDrive/Escritorio/ACL/MERN/src/helpers/jwt.ts"],"names":[],"mappings":";;;;;;AAAA,gEAA+B;AASxB,MAAM,WAAW,GAAO,CAAC,EAAC,GAAG,EAAE,QAAQ,EAAE,KAAK,EAAM,EAAE,EAAE;IAC3D,OAAO,IAAI,OAAO,CAAC,CAAC,OAAO,EAAE,MAAM,EAAE,EAAE;QAEnC,MAAM,OAAO,GAAG,EAAC,GAAG,EAAE,QAAQ,EAAE,KAAK,EAAC,CAAC,CAAC,sBAAsB;QAE9D,sBAAG,CAAC,IAAI,CAAC,OAAO,EAAE,OAAO,CAAC,GAAG,CAAC,eAAe,IAAI,EAAE,EAAE;YACjD,SAAS,EAAE,IAAI;SAClB,EAAE,CAAC,GAAG,EAAE,KAAK,EAAE,EAAE;YACd,eAAe;YACf,IAAG,GAAG,EAAC;gBACH,OAAO,CAAC,GAAG,CAAC,GAAG,CAAC,CAAA;gBAChB,MAAM,CAAC,6BAA6B,CAAC,CAAA;aACxC;YAED,yBAAyB;YACzB,OAAO,CAAC,KAAK,CAAC,CAAC;QAEnB,CAAC,CAAC,CAAC;IACP,CAAC,CAAC,CAAA;AACN,CAAC,CAAA;AAnBY,QAAA,WAAW,eAmBvB","sourcesContent":["import jwt from 'jsonwebtoken';\r\nimport { RolesEnum } from \"../enums/user.enum\";\r\n\r\ninterface JwtI{\r\n    uid: string,\r\n    username: string,\r\n    roles: RolesEnum[]\r\n}\r\n\r\nexport const generateJWT:any = ({uid, username, roles}:JwtI) => {\r\n    return new Promise((resolve, reject) => {\r\n\r\n        const payload = {uid, username, roles}; // Contenido del token\r\n\r\n        jwt.sign(payload, process.env.SECRET_JWT_SEED || \"\", {\r\n            expiresIn: '4h',\r\n        }, (err, token) => { // callback\r\n            // Si hay error\r\n            if(err){\r\n                console.log(err)\r\n                reject(\"No se pudo generar el token\")\r\n            }\r\n\r\n            //Envio el token generado\r\n            resolve(token);\r\n\r\n        });\r\n    })\r\n}"]},"_coverageSchema":"1a1c01bbd47fc00a2c39e90264f33305004495a9","hash":"4476296e7f9e79fdfed972435aadf39cca262cf0","contentHash":"52dda3052183254f606b52ba59f629e9f00f7d92a0eacbd3ede4b7d5536f1dd0"},"C:\\Users\\marce\\OneDrive\\Escritorio\\ACL\\MERN\\src\\models\\Shop.ts":{"path":"C:\\Users\\marce\\OneDrive\\Escritorio\\ACL\\MERN\\src\\models\\Shop.ts","statementMap":{"0":{"start":{"line":2,"column":0},"end":{"line":2,"column":62}},"1":{"start":{"line":3,"column":19},"end":{"line":3,"column":38}},"2":{"start":{"line":4,"column":20},"end":{"line":4,"column":49}},"3":{"start":{"line":5,"column":19},"end":{"line":33,"column":2}},"4":{"start":{"line":34,"column":0},"end":{"line":34,"column":60}}},"fnMap":{},"branchMap":{},"s":{"0":1,"1":1,"2":1,"3":1,"4":1},"f":{},"b":{},"inputSourceMap":{"version":3,"file":"C:/Users/marce/OneDrive/Escritorio/ACL/MERN/src/models/Shop.ts","sources":["C:/Users/marce/OneDrive/Escritorio/ACL/MERN/src/models/Shop.ts"],"names":[],"mappings":";;AAAA,uCAAyC;AACzC,kDAA+C;AAY/C,MAAM,UAAU,GAAG,IAAI,iBAAM,CAAQ;IACjC,QAAQ,EAAE;QACN,IAAI,EAAE,MAAM;QACZ,QAAQ,EAAE,IAAI;KACjB;IACD,QAAQ,EAAC;QACL,IAAI,EAAE,MAAM;QACZ,QAAQ,EAAE,IAAI;KACjB;IACD,QAAQ,EAAC;QACL,IAAI,EAAE,MAAM;QACZ,QAAQ,EAAE,IAAI;KACjB;IACD,KAAK,EAAE;QACH,IAAI,EAAE,MAAM;QACZ,QAAQ,EAAE,IAAI;QACd,MAAM,EAAE,IAAI;KACf;IACD,QAAQ,EAAE;QACN;YACI,IAAI,EAAE,iBAAM,CAAC,KAAK,CAAC,QAAQ;YAC3B,GAAG,EAAE,SAAS,EAAE,mCAAmC;SACtD;KACJ;IACD,KAAK,EAAE;QACH,IAAI,EAAE,CAAC,MAAM,CAAC;QACd,OAAO,EAAE,CAAC,qBAAS,CAAC,IAAI,CAAC;KAC5B;CACJ,CAAC,CAAC;AAEH,kBAAe,IAAA,gBAAK,EAAQ,MAAM,EAAE,UAAU,CAAC,CAAC","sourcesContent":["import { Schema, model } from \"mongoose\";\r\nimport { RolesEnum } from \"../enums/user.enum\";\r\n\r\nexport interface ShopI {\r\n    _id?: string;\r\n    username: string;\r\n    shopName: string;\r\n    email: string;\r\n    password: string;\r\n    products: string[]; // Referencia a los IDs de los productos\r\n    roles: RolesEnum[];\r\n}\r\n\r\nconst ShopSchema = new Schema<ShopI>({\r\n    username: {\r\n        type: String,\r\n        required: true,\r\n    },\r\n    shopName:{\r\n        type: String,\r\n        required: true\r\n    },\r\n    password:{\r\n        type: String,\r\n        required: true\r\n    },\r\n    email: {\r\n        type: String,\r\n        required: true,\r\n        unique: true,\r\n    },\r\n    products: [\r\n        {\r\n            type: Schema.Types.ObjectId,\r\n            ref: \"Product\", // Referencia al modelo de Producto\r\n        },\r\n    ],\r\n    roles: {\r\n        type: [String],\r\n        default: [RolesEnum.SHOP]\r\n    }\r\n});\r\n\r\nexport default model<ShopI>(\"Shop\", ShopSchema);\r\n"]},"_coverageSchema":"1a1c01bbd47fc00a2c39e90264f33305004495a9","hash":"a0f2bd4d1430fbad1fa52ac0d4baacd0042f42a1","contentHash":"458fac41e23ad21dfc03de811a9ea2e24d32b7ed7b1eac6b9b98b4ab074c2446"},"C:\\Users\\marce\\OneDrive\\Escritorio\\ACL\\MERN\\src\\enums\\user.enum.ts":{"path":"C:\\Users\\marce\\OneDrive\\Escritorio\\ACL\\MERN\\src\\enums\\user.enum.ts","statementMap":{"0":{"start":{"line":2,"column":0},"end":{"line":2,"column":62}},"1":{"start":{"line":3,"column":0},"end":{"line":3,"column":27}},"2":{"start":{"line":5,"column":0},"end":{"line":9,"column":62}},"3":{"start":{"line":6,"column":4},"end":{"line":6,"column":33}},"4":{"start":{"line":7,"column":4},"end":{"line":7,"column":31}},"5":{"start":{"line":8,"column":4},"end":{"line":8,"column":31}}},"fnMap":{"0":{"name":"(anonymous_0)","decl":{"start":{"line":5,"column":1},"end":{"line":5,"column":2}},"loc":{"start":{"line":5,"column":22},"end":{"line":9,"column":1}},"line":5}},"branchMap":{"0":{"loc":{"start":{"line":9,"column":15},"end":{"line":9,"column":60}},"type":"binary-expr","locations":[{"start":{"line":9,"column":15},"end":{"line":9,"column":32}},{"start":{"line":9,"column":37},"end":{"line":9,"column":59}}],"line":9}},"s":{"0":1,"1":1,"2":1,"3":1,"4":1,"5":1},"f":{"0":1},"b":{"0":[1,1]},"inputSourceMap":{"version":3,"file":"C:/Users/marce/OneDrive/Escritorio/ACL/MERN/src/enums/user.enum.ts","sources":["C:/Users/marce/OneDrive/Escritorio/ACL/MERN/src/enums/user.enum.ts"],"names":[],"mappings":";;;AAAA,IAAY,SAIX;AAJD,WAAY,SAAS;IACjB,4BAAe,CAAA;IACf,0BAAa,CAAA;IACb,0BAAa,CAAA;AACjB,CAAC,EAJW,SAAS,GAAT,iBAAS,KAAT,iBAAS,QAIpB;AAAA,CAAC","sourcesContent":["export enum RolesEnum {\r\n    ADMIN = \"admin\",\r\n    USER = \"user\",\r\n    SHOP = \"shop\"\r\n};"]},"_coverageSchema":"1a1c01bbd47fc00a2c39e90264f33305004495a9","hash":"4db12f99f5e03493af1a0f50a589da2e680909f1","contentHash":"ca5200c4980d6ecf63d86a6c2686b1a56a373deb16c13eafd0ea896655a4b054"},"C:\\Users\\marce\\OneDrive\\Escritorio\\ACL\\MERN\\src\\middlewares\\checkJWT.middleware.ts":{"path":"C:\\Users\\marce\\OneDrive\\Escritorio\\ACL\\MERN\\src\\middlewares\\checkJWT.middleware.ts","statementMap":{"0":{"start":{"line":2,"column":22},"end":{"line":4,"column":1}},"1":{"start":{"line":3,"column":4},"end":{"line":3,"column":62}},"2":{"start":{"line":5,"column":0},"end":{"line":5,"column":62}},"3":{"start":{"line":6,"column":23},"end":{"line":6,"column":63}},"4":{"start":{"line":8,"column":24},"end":{"line":24,"column":1}},"5":{"start":{"line":9,"column":18},"end":{"line":9,"column":60}},"6":{"start":{"line":10,"column":4},"end":{"line":12,"column":5}},"7":{"start":{"line":11,"column":8},"end":{"line":11,"column":95}},"8":{"start":{"line":13,"column":4},"end":{"line":23,"column":5}},"9":{"start":{"line":14,"column":41},"end":{"line":14,"column":106}},"10":{"start":{"line":16,"column":8},"end":{"line":16,"column":22}},"11":{"start":{"line":17,"column":8},"end":{"line":17,"column":32}},"12":{"start":{"line":18,"column":8},"end":{"line":18,"column":26}},"13":{"start":{"line":19,"column":8},"end":{"line":19,"column":15}},"14":{"start":{"line":22,"column":8},"end":{"line":22,"column":85}},"15":{"start":{"line":25,"column":0},"end":{"line":25,"column":34}}},"fnMap":{"0":{"name":"(anonymous_0)","decl":{"start":{"line":2,"column":56},"end":{"line":2,"column":57}},"loc":{"start":{"line":2,"column":71},"end":{"line":4,"column":1}},"line":2},"1":{"name":"(anonymous_1)","decl":{"start":{"line":8,"column":24},"end":{"line":8,"column":25}},"loc":{"start":{"line":8,"column":44},"end":{"line":24,"column":1}},"line":8}},"branchMap":{"0":{"loc":{"start":{"line":2,"column":22},"end":{"line":4,"column":1}},"type":"binary-expr","locations":[{"start":{"line":2,"column":23},"end":{"line":2,"column":27}},{"start":{"line":2,"column":31},"end":{"line":2,"column":51}},{"start":{"line":2,"column":56},"end":{"line":4,"column":1}}],"line":2},"1":{"loc":{"start":{"line":3,"column":11},"end":{"line":3,"column":61}},"type":"cond-expr","locations":[{"start":{"line":3,"column":37},"end":{"line":3,"column":40}},{"start":{"line":3,"column":43},"end":{"line":3,"column":61}}],"line":3},"2":{"loc":{"start":{"line":3,"column":12},"end":{"line":3,"column":33}},"type":"binary-expr","locations":[{"start":{"line":3,"column":12},"end":{"line":3,"column":15}},{"start":{"line":3,"column":19},"end":{"line":3,"column":33}}],"line":3},"3":{"loc":{"start":{"line":10,"column":4},"end":{"line":12,"column":5}},"type":"if","locations":[{"start":{"line":10,"column":4},"end":{"line":12,"column":5}},{"start":{"line":10,"column":4},"end":{"line":12,"column":5}}],"line":10}},"s":{"0":1,"1":1,"2":1,"3":1,"4":1,"5":2,"6":2,"7":0,"8":2,"9":2,"10":1,"11":1,"12":1,"13":1,"14":1,"15":1},"f":{"0":1,"1":2},"b":{"0":[1,1,1],"1":[0,1],"2":[1,1],"3":[0,2]},"inputSourceMap":{"version":3,"file":"C:/Users/marce/OneDrive/Escritorio/ACL/MERN/src/middlewares/checkJWT.middleware.ts","sources":["C:/Users/marce/OneDrive/Escritorio/ACL/MERN/src/middlewares/checkJWT.middleware.ts"],"names":[],"mappings":";;;;;AACA,gEAA+B;AAa/B,wBAAwB;AACxB,MAAM,eAAe,GAAG,CAAC,GAAe,EAAE,GAAY,EAAE,IAAkB,EAAE,EAAE;IAE1E,MAAM,KAAK,GAAG,GAAG,CAAC,MAAM,CAAC,eAAe,CAAC,EAAE,KAAK,CAAC,GAAG,CAAC,CAAC,CAAC,CAAC,CAAC,CAAC,mCAAmC;IAE7F,IAAG,CAAC,KAAK,EAAC;QACN,OAAO,GAAG,CAAC,MAAM,CAAC,GAAG,CAAC,CAAC,IAAI,CAAC,EAAC,OAAO,EAAE,4CAA4C,EAAC,CAAC,CAAA;KACvF;IAED,IAAI;QACA,MAAM,EAAC,GAAG,EAAE,QAAQ,EAAE,KAAK,EAAC,GAAO,sBAAG,CAAC,MAAM,CAAC,KAAK,EAAE,OAAO,CAAC,GAAG,CAAC,eAAgB,CAAC,CAAC;QAGnF,+BAA+B;QAC/B,GAAG,CAAC,GAAG,GAAG,GAAG,CAAC;QACd,GAAG,CAAC,QAAQ,GAAG,QAAQ,CAAC;QACxB,GAAG,CAAC,KAAK,GAAG,KAAK,CAAC;QAElB,IAAI,EAAE,CAAC,CAAC,iCAAiC;KAE5C;IAAC,OAAO,KAAK,EAAE;QACZ,OAAO,GAAG,CAAC,MAAM,CAAC,GAAG,CAAC,CAAC,IAAI,CAAC,EAAC,OAAO,EAAE,kCAAkC,EAAC,CAAC,CAAC;KAC9E;AACL,CAAC,CAAA;AAED,kBAAe,eAAe,CAAC","sourcesContent":["import {Request, Response, NextFunction} from 'express';\r\nimport jwt from 'jsonwebtoken';\r\nimport { RolesEnum } from '../enums/user.enum';\r\n\r\n\r\nexport interface JWTRequestI extends Request{\r\n    uid?: string,\r\n    username?: string,\r\n    roles?: RolesEnum[]\r\n}\r\n\r\n\r\n\r\n\r\n// Autenticacion con jwt\r\nconst authenticateJWT = (req:JWTRequestI, res:Response, next: NextFunction) => {\r\n\r\n    const token = req.header('Authorization')?.split(' ')[1]; // ['Bearer', 'token']  [1] = token\r\n\r\n    if(!token){\r\n        return res.status(401).json({message: 'No se proporciono un token de autorizacion'})\r\n    }\r\n\r\n    try {\r\n        const {uid, username, roles}:any = jwt.verify(token, process.env.SECRET_JWT_SEED!);\r\n\r\n\r\n        // Guardar la info del usuario \r\n        req.uid = uid;\r\n        req.username = username;\r\n        req.roles = roles;\r\n\r\n        next(); // pasa al siguiente, controlador\r\n\r\n    } catch (error) {\r\n        return res.status(403).json({message: 'Token de autenticacion no valido'});\r\n    }\r\n}\r\n\r\nexport default authenticateJWT;"]},"_coverageSchema":"1a1c01bbd47fc00a2c39e90264f33305004495a9","hash":"3d52cb00d5868ecd2bc2cae43f2387bdf10e4344","contentHash":"602d55ec906b257702079e65148c142cdd92017eae11be684b4936026455c069"},"C:\\Users\\marce\\OneDrive\\Escritorio\\ACL\\MERN\\src\\routes\\user.routes.ts":{"path":"C:\\Users\\marce\\OneDrive\\Escritorio\\ACL\\MERN\\src\\routes\\user.routes.ts","statementMap":{"0":{"start":{"line":2,"column":22},"end":{"line":4,"column":1}},"1":{"start":{"line":3,"column":4},"end":{"line":3,"column":62}},"2":{"start":{"line":5,"column":0},"end":{"line":5,"column":62}},"3":{"start":{"line":6,"column":18},"end":{"line":6,"column":53}},"4":{"start":{"line":7,"column":26},"end":{"line":7,"column":67}},"5":{"start":{"line":8,"column":37},"end":{"line":8,"column":89}},"6":{"start":{"line":9,"column":22},"end":{"line":9,"column":55}},"7":{"start":{"line":10,"column":30},"end":{"line":10,"column":92}},"8":{"start":{"line":11,"column":37},"end":{"line":11,"column":106}},"9":{"start":{"line":12,"column":20},"end":{"line":12,"column":49}},"10":{"start":{"line":13,"column":17},"end":{"line":13,"column":51}},"11":{"start":{"line":14,"column":16},"end":{"line":14,"column":48}},"12":{"start":{"line":15,"column":15},"end":{"line":15,"column":49}},"13":{"start":{"line":16,"column":15},"end":{"line":16,"column":41}},"14":{"start":{"line":17,"column":0},"end":{"line":17,"column":137}},"15":{"start":{"line":18,"column":0},"end":{"line":18,"column":288}},"16":{"start":{"line":19,"column":0},"end":{"line":19,"column":140}},"17":{"start":{"line":20,"column":0},"end":{"line":20,"column":158}},"18":{"start":{"line":21,"column":0},"end":{"line":21,"column":44}},"19":{"start":{"line":22,"column":0},"end":{"line":22,"column":25}}},"fnMap":{"0":{"name":"(anonymous_0)","decl":{"start":{"line":2,"column":56},"end":{"line":2,"column":57}},"loc":{"start":{"line":2,"column":71},"end":{"line":4,"column":1}},"line":2}},"branchMap":{"0":{"loc":{"start":{"line":2,"column":22},"end":{"line":4,"column":1}},"type":"binary-expr","locations":[{"start":{"line":2,"column":23},"end":{"line":2,"column":27}},{"start":{"line":2,"column":31},"end":{"line":2,"column":51}},{"start":{"line":2,"column":56},"end":{"line":4,"column":1}}],"line":2},"1":{"loc":{"start":{"line":3,"column":11},"end":{"line":3,"column":61}},"type":"cond-expr","locations":[{"start":{"line":3,"column":37},"end":{"line":3,"column":40}},{"start":{"line":3,"column":43},"end":{"line":3,"column":61}}],"line":3},"2":{"loc":{"start":{"line":3,"column":12},"end":{"line":3,"column":33}},"type":"binary-expr","locations":[{"start":{"line":3,"column":12},"end":{"line":3,"column":15}},{"start":{"line":3,"column":19},"end":{"line":3,"column":33}}],"line":3}},"s":{"0":1,"1":4,"2":1,"3":1,"4":1,"5":1,"6":1,"7":1,"8":1,"9":1,"10":1,"11":1,"12":1,"13":1,"14":1,"15":1,"16":1,"17":1,"18":1,"19":1},"f":{"0":4},"b":{"0":[1,1,1],"1":[2,2],"2":[4,4]},"inputSourceMap":{"version":3,"file":"C:/Users/marce/OneDrive/Escritorio/ACL/MERN/src/routes/user.routes.ts","sources":["C:/Users/marce/OneDrive/Escritorio/ACL/MERN/src/routes/user.routes.ts"],"names":[],"mappings":";;;;;AAAA,sDAA8B;AAC9B,oEAA6G;AAC7G,0FAA6E;AAC7E,wDAAqG;AACrG,6FAAiE;AACjE,2GAAsE;AACtE,kDAA+C;AAC/C,oDAA4B;AAG5B,MAAM,OAAO,GAAG,gBAAM,CAAC,WAAW,CAAC,EAAE,CAAC,CAAC;AACvC,MAAM,MAAM,GAAG,IAAA,gBAAM,EAAC,EAAC,OAAO,EAAC,CAAC,CAAA;AAGhC,MAAM,MAAM,GAAG,iBAAO,CAAC,MAAM,EAAE,CAAC;AAEhC,MAAM,CAAC,IAAI,CAAC,SAAS,EAAE,IAAA,6CAAgB,EAAC,8BAAgB,CAAC,EAAG,4BAAU,CAAC,CAAC;AAExE,MAAM,CAAC,GAAG,CAAC,kBAAkB,EACzB,CAAC,6BAAe,EAAE,IAAA,oCAAa,EAAC,qBAAS,CAAC,IAAI,CAAC,EAAE,IAAA,6CAAgB,EAAC,qCAAuB,CAAC,EAAE,MAAM,CAAC,MAAM,CAAC,YAAY,CAAC,CAAC,EACpH,+BAAa,CAAC,CAAC;AAEvB,MAAM,CAAC,GAAG,CAAC,aAAa,EAAE,IAAA,6CAAgB,EAAC,8BAAgB,CAAC,EAAE,4BAAU,CAAE,CAAC;AAE3E,MAAM,CAAC,GAAG,CAAC,WAAW,EAAE,CAAC,6BAAe,EAAE,IAAA,oCAAa,EAAC,qBAAS,CAAC,IAAI,CAAC,CAAC,EAAE,4BAAU,CAAC,CAAC;AAEtF,MAAM,CAAC,GAAG,CAAC,GAAG,EAAE,0BAAQ,CAAC,CAAC;AAM1B,kBAAe,MAAM,CAAC","sourcesContent":["import express from 'express';\r\nimport { createUser, getProfile, getUsers, updateProfile, updateUser } from '../controllers/user.controller';\r\nimport { schemaValidation } from '../middlewares/schemaValidator.middleware';\r\nimport { createUserSchema, updateProfileUserSchema, updateUserSchema } from '../schemas/user.schema';\r\nimport authenticateJWT from '../middlewares/checkJWT.middleware';\r\nimport authorizeRole from '../middlewares/authorizeByRole.middleware';\r\nimport { RolesEnum } from '../enums/user.enum';\r\nimport multer from 'multer';\r\n\r\n\r\nconst storage = multer.diskStorage({});\r\nconst upload = multer({storage})\r\n\r\n\r\nconst router = express.Router();\r\n\r\nrouter.post('/create', schemaValidation(createUserSchema) , createUser);\r\n\r\nrouter.put('/update/profile/', \r\n    [authenticateJWT, authorizeRole(RolesEnum.USER), schemaValidation(updateProfileUserSchema), upload.single(\"imgProfile\")], \r\n        updateProfile);\r\n\r\nrouter.put('/update/:id', schemaValidation(updateUserSchema), updateUser );\r\n\r\nrouter.get('/profile/', [authenticateJWT, authorizeRole(RolesEnum.USER)], getProfile);\r\n\r\nrouter.get('/', getUsers);\r\n\r\n\r\n\r\n\r\n\r\nexport default router;"]},"_coverageSchema":"1a1c01bbd47fc00a2c39e90264f33305004495a9","hash":"69009072985aec712ea7e476f2372ceef4695c33","contentHash":"d36e78a749283a4da0c46a28ab0129c8f3acd252be3f9182e91a1cfc2a41b593"},"C:\\Users\\marce\\OneDrive\\Escritorio\\ACL\\MERN\\src\\controllers\\user.controller.ts":{"path":"C:\\Users\\marce\\OneDrive\\Escritorio\\ACL\\MERN\\src\\controllers\\user.controller.ts","statementMap":{"0":{"start":{"line":2,"column":22},"end":{"line":4,"column":1}},"1":{"start":{"line":3,"column":4},"end":{"line":3,"column":62}},"2":{"start":{"line":5,"column":0},"end":{"line":5,"column":62}},"3":{"start":{"line":6,"column":0},"end":{"line":6,"column":113}},"4":{"start":{"line":7,"column":19},"end":{"line":7,"column":55}},"5":{"start":{"line":8,"column":15},"end":{"line":8,"column":57}},"6":{"start":{"line":9,"column":15},"end":{"line":9,"column":57}},"7":{"start":{"line":10,"column":18},"end":{"line":10,"column":63}},"8":{"start":{"line":11,"column":19},"end":{"line":38,"column":1}},"9":{"start":{"line":12,"column":4},"end":{"line":37,"column":5}},"10":{"start":{"line":14,"column":23},"end":{"line":14,"column":78}},"11":{"start":{"line":15,"column":23},"end":{"line":15,"column":78}},"12":{"start":{"line":17,"column":8},"end":{"line":18,"column":77}},"13":{"start":{"line":18,"column":12},"end":{"line":18,"column":77}},"14":{"start":{"line":19,"column":8},"end":{"line":20,"column":77}},"15":{"start":{"line":20,"column":12},"end":{"line":20,"column":77}},"16":{"start":{"line":22,"column":24},"end":{"line":22,"column":47}},"17":{"start":{"line":23,"column":8},"end":{"line":23,"column":29}},"18":{"start":{"line":25,"column":21},"end":{"line":25,"column":87}},"19":{"start":{"line":27,"column":21},"end":{"line":27,"column":53}},"20":{"start":{"line":28,"column":8},"end":{"line":28,"column":73}},"21":{"start":{"line":30,"column":8},"end":{"line":30,"column":26}},"22":{"start":{"line":32,"column":8},"end":{"line":32,"column":35}},"23":{"start":{"line":35,"column":8},"end":{"line":35,"column":27}},"24":{"start":{"line":36,"column":8},"end":{"line":36,"column":67}},"25":{"start":{"line":39,"column":0},"end":{"line":39,"column":32}},"26":{"start":{"line":40,"column":22},"end":{"line":60,"column":1}},"27":{"start":{"line":41,"column":4},"end":{"line":59,"column":5}},"28":{"start":{"line":42,"column":21},"end":{"line":42,"column":29}},"29":{"start":{"line":43,"column":20},"end":{"line":43,"column":27}},"30":{"start":{"line":45,"column":21},"end":{"line":45,"column":75}},"31":{"start":{"line":46,"column":8},"end":{"line":47,"column":78}},"32":{"start":{"line":47,"column":12},"end":{"line":47,"column":78}},"33":{"start":{"line":48,"column":23},"end":{"line":48,"column":31}},"34":{"start":{"line":49,"column":8},"end":{"line":51,"column":9}},"35":{"start":{"line":50,"column":12},"end":{"line":50,"column":32}},"36":{"start":{"line":53,"column":24},"end":{"line":53,"column":111}},"37":{"start":{"line":54,"column":8},"end":{"line":54,"column":38}},"38":{"start":{"line":57,"column":8},"end":{"line":57,"column":27}},"39":{"start":{"line":58,"column":8},"end":{"line":58,"column":67}},"40":{"start":{"line":61,"column":0},"end":{"line":61,"column":38}},"41":{"start":{"line":62,"column":19},"end":{"line":75,"column":1}},"42":{"start":{"line":63,"column":4},"end":{"line":74,"column":5}},"43":{"start":{"line":64,"column":24},"end":{"line":64,"column":27}},"44":{"start":{"line":65,"column":21},"end":{"line":65,"column":75}},"45":{"start":{"line":66,"column":8},"end":{"line":67,"column":78}},"46":{"start":{"line":67,"column":12},"end":{"line":67,"column":78}},"47":{"start":{"line":68,"column":24},"end":{"line":68,"column":70}},"48":{"start":{"line":69,"column":8},"end":{"line":69,"column":38}},"49":{"start":{"line":72,"column":8},"end":{"line":72,"column":27}},"50":{"start":{"line":73,"column":8},"end":{"line":73,"column":67}},"51":{"start":{"line":76,"column":0},"end":{"line":76,"column":32}},"52":{"start":{"line":77,"column":19},"end":{"line":84,"column":1}},"53":{"start":{"line":78,"column":4},"end":{"line":83,"column":5}},"54":{"start":{"line":79,"column":8},"end":{"line":79,"column":29}},"55":{"start":{"line":82,"column":8},"end":{"line":82,"column":67}},"56":{"start":{"line":85,"column":0},"end":{"line":85,"column":32}},"57":{"start":{"line":86,"column":17},"end":{"line":94,"column":1}},"58":{"start":{"line":87,"column":4},"end":{"line":93,"column":5}},"59":{"start":{"line":88,"column":22},"end":{"line":88,"column":71}},"60":{"start":{"line":89,"column":8},"end":{"line":89,"column":36}},"61":{"start":{"line":92,"column":8},"end":{"line":92,"column":67}},"62":{"start":{"line":95,"column":0},"end":{"line":95,"column":28}}},"fnMap":{"0":{"name":"(anonymous_0)","decl":{"start":{"line":2,"column":56},"end":{"line":2,"column":57}},"loc":{"start":{"line":2,"column":71},"end":{"line":4,"column":1}},"line":2},"1":{"name":"(anonymous_1)","decl":{"start":{"line":11,"column":19},"end":{"line":11,"column":20}},"loc":{"start":{"line":11,"column":39},"end":{"line":38,"column":1}},"line":11},"2":{"name":"(anonymous_2)","decl":{"start":{"line":40,"column":22},"end":{"line":40,"column":23}},"loc":{"start":{"line":40,"column":42},"end":{"line":60,"column":1}},"line":40},"3":{"name":"(anonymous_3)","decl":{"start":{"line":62,"column":19},"end":{"line":62,"column":20}},"loc":{"start":{"line":62,"column":39},"end":{"line":75,"column":1}},"line":62},"4":{"name":"(anonymous_4)","decl":{"start":{"line":77,"column":19},"end":{"line":77,"column":20}},"loc":{"start":{"line":77,"column":33},"end":{"line":84,"column":1}},"line":77},"5":{"name":"(anonymous_5)","decl":{"start":{"line":86,"column":17},"end":{"line":86,"column":18}},"loc":{"start":{"line":86,"column":37},"end":{"line":94,"column":1}},"line":86}},"branchMap":{"0":{"loc":{"start":{"line":2,"column":22},"end":{"line":4,"column":1}},"type":"binary-expr","locations":[{"start":{"line":2,"column":23},"end":{"line":2,"column":27}},{"start":{"line":2,"column":31},"end":{"line":2,"column":51}},{"start":{"line":2,"column":56},"end":{"line":4,"column":1}}],"line":2},"1":{"loc":{"start":{"line":3,"column":11},"end":{"line":3,"column":61}},"type":"cond-expr","locations":[{"start":{"line":3,"column":37},"end":{"line":3,"column":40}},{"start":{"line":3,"column":43},"end":{"line":3,"column":61}}],"line":3},"2":{"loc":{"start":{"line":3,"column":12},"end":{"line":3,"column":33}},"type":"binary-expr","locations":[{"start":{"line":3,"column":12},"end":{"line":3,"column":15}},{"start":{"line":3,"column":19},"end":{"line":3,"column":33}}],"line":3},"3":{"loc":{"start":{"line":17,"column":8},"end":{"line":18,"column":77}},"type":"if","locations":[{"start":{"line":17,"column":8},"end":{"line":18,"column":77}},{"start":{"line":17,"column":8},"end":{"line":18,"column":77}}],"line":17},"4":{"loc":{"start":{"line":19,"column":8},"end":{"line":20,"column":77}},"type":"if","locations":[{"start":{"line":19,"column":8},"end":{"line":20,"column":77}},{"start":{"line":19,"column":8},"end":{"line":20,"column":77}}],"line":19},"5":{"loc":{"start":{"line":46,"column":8},"end":{"line":47,"column":78}},"type":"if","locations":[{"start":{"line":46,"column":8},"end":{"line":47,"column":78}},{"start":{"line":46,"column":8},"end":{"line":47,"column":78}}],"line":46},"6":{"loc":{"start":{"line":49,"column":8},"end":{"line":51,"column":9}},"type":"if","locations":[{"start":{"line":49,"column":8},"end":{"line":51,"column":9}},{"start":{"line":49,"column":8},"end":{"line":51,"column":9}}],"line":49},"7":{"loc":{"start":{"line":66,"column":8},"end":{"line":67,"column":78}},"type":"if","locations":[{"start":{"line":66,"column":8},"end":{"line":67,"column":78}},{"start":{"line":66,"column":8},"end":{"line":67,"column":78}}],"line":66}},"s":{"0":1,"1":4,"2":1,"3":1,"4":1,"5":1,"6":1,"7":1,"8":1,"9":1,"10":1,"11":1,"12":1,"13":0,"14":1,"15":0,"16":1,"17":1,"18":1,"19":1,"20":1,"21":1,"22":1,"23":0,"24":0,"25":1,"26":1,"27":0,"28":0,"29":0,"30":0,"31":0,"32":0,"33":0,"34":0,"35":0,"36":0,"37":0,"38":0,"39":0,"40":1,"41":1,"42":1,"43":1,"44":1,"45":1,"46":0,"47":1,"48":1,"49":0,"50":0,"51":1,"52":1,"53":0,"54":0,"55":0,"56":1,"57":1,"58":1,"59":1,"60":1,"61":0,"62":1},"f":{"0":4,"1":1,"2":0,"3":1,"4":0,"5":1},"b":{"0":[1,1,1],"1":[3,1],"2":[4,4],"3":[0,1],"4":[0,1],"5":[0,0],"6":[0,0],"7":[0,1]},"inputSourceMap":{"version":3,"file":"C:/Users/marce/OneDrive/Escritorio/ACL/MERN/src/controllers/user.controller.ts","sources":["C:/Users/marce/OneDrive/Escritorio/ACL/MERN/src/controllers/user.controller.ts"],"names":[],"mappings":";;;;;;AACA,wDAA8B;AAC9B,0DAAkC;AAClC,0DAAkC;AAClC,gEAAwC;AAKjC,MAAM,UAAU,GAAG,KAAK,EAAE,GAAW,EAAE,GAAY,EAAE,EAAE;IAC1D,IAAI;QACA,iBAAiB;QACjB,MAAM,MAAM,GAAG,MAAM,cAAI,CAAC,OAAO,CAAC,EAAC,KAAK,EAAE,GAAG,CAAC,IAAI,CAAC,KAAK,EAAC,CAAC,CAAC;QAC3D,MAAM,MAAM,GAAG,MAAM,cAAI,CAAC,OAAO,CAAC,EAAC,KAAK,EAAE,GAAG,CAAC,IAAI,CAAC,KAAK,EAAC,CAAC,CAAC;QAE3D,gCAAgC;QAChC,IAAG,MAAM;YAAE,OAAO,GAAG,CAAC,MAAM,CAAC,GAAG,CAAC,CAAC,IAAI,CAAC,EAAC,OAAO,EAAC,sBAAsB,EAAC,CAAC,CAAC;QACzE,IAAG,MAAM;YAAE,OAAO,GAAG,CAAC,MAAM,CAAC,GAAG,CAAC,CAAC,IAAI,CAAC,EAAC,OAAO,EAAC,sBAAsB,EAAC,CAAC,CAAC;QAGzE,iBAAiB;QACjB,MAAM,OAAO,GAAI,IAAI,iBAAO,EAAE,CAAC;QAC/B,MAAM,OAAO,CAAC,IAAI,EAAE,CAAC;QAGrB,kBAAkB;QAClB,MAAM,IAAI,GAAG,MAAM,cAAI,CAAC,MAAM,CAAC,EAAC,GAAG,GAAG,CAAC,IAAI,EAAE,OAAO,EAAE,OAAO,CAAC,GAAG,EAAC,CAAC,CAAC;QAGpE,sBAAsB;QACtB,MAAM,IAAI,GAAG,kBAAM,CAAC,WAAW,EAAE,CAAC;QAClC,IAAI,CAAC,QAAQ,GAAG,kBAAM,CAAC,QAAQ,CAAC,IAAI,CAAC,QAAQ,EAAE,IAAI,CAAC,CAAC;QAGrD,2BAA2B;QAC3B,MAAM,IAAI,CAAC,IAAI,EAAE,CAAC;QAElB,wCAAwC;QACxC,GAAG,CAAC,MAAM,CAAC,GAAG,CAAC,CAAC,IAAI,CAAC,IAAI,CAAC,CAAC;KAE9B;IAAC,OAAO,KAAK,EAAE;QACZ,OAAO,CAAC,GAAG,CAAC,KAAK,CAAC,CAAA;QAClB,GAAG,CAAC,MAAM,CAAC,GAAG,CAAC,CAAC,IAAI,CAAC,EAAC,OAAO,EAAE,uBAAuB,EAAC,CAAC,CAAC;KAC5D;AACL,CAAC,CAAA;AAnCY,QAAA,UAAU,cAmCtB;AAEM,MAAM,aAAa,GAAG,KAAK,EAAC,GAAgB,EAAE,GAAY,EAAE,EAAE;IACjE,IAAI;QACA,MAAM,IAAI,GAAG,GAAG,CAAC,IAAI,CAAC;QACtB,MAAM,GAAG,GAAG,GAAG,CAAC,GAAG,CAAC;QAEpB,kBAAkB;QAClB,MAAM,IAAI,GAAG,MAAM,cAAI,CAAC,QAAQ,CAAC,GAAG,CAAC,CAAC,QAAQ,CAAC,SAAS,CAAC,CAAC;QAC1D,IAAG,CAAC,IAAI;YAAE,OAAO,GAAG,CAAC,MAAM,CAAC,GAAG,CAAC,CAAC,IAAI,CAAC,EAAC,OAAO,EAAC,uBAAuB,EAAC,CAAC,CAAC;QAEzE,MAAM,MAAM,GAAG,GAAG,CAAC,IAAI,CAAC;QAExB,IAAG,MAAM,EAAC;YACN,OAAO,CAAC,GAAG,CAAC,MAAM,CAAC,CAAA;SACtB;QAED,wCAAwC;QACxC,MAAM,OAAO,GAAG,MAAM,iBAAO,CAAC,iBAAiB,CAAC,IAAI,CAAC,OAAO,EAAC,EAAC,GAAG,GAAG,CAAC,IAAI,EAAC,EAAE,EAAC,GAAG,EAAE,IAAI,EAAC,CAAC,CAAC;QAIzF,GAAG,CAAC,MAAM,CAAC,GAAG,CAAC,CAAC,IAAI,CAAC,OAAO,CAAC,CAAA;KAEhC;IAAC,OAAO,KAAK,EAAE;QACZ,OAAO,CAAC,GAAG,CAAC,KAAK,CAAC,CAAA;QAClB,GAAG,CAAC,MAAM,CAAC,GAAG,CAAC,CAAC,IAAI,CAAC,EAAC,OAAO,EAAE,uBAAuB,EAAC,CAAC,CAAC;KAC5D;AACL,CAAC,CAAA;AA1BY,QAAA,aAAa,iBA0BzB;AAEM,MAAM,UAAU,GAAI,KAAK,EAAC,GAAgB,EAAE,GAAa,EAAE,EAAE;IAChE,IAAI;QACA,MAAM,EAAC,GAAG,EAAC,GAAG,GAAG,CAAC;QAElB,MAAM,IAAI,GAAG,MAAM,cAAI,CAAC,QAAQ,CAAC,GAAG,CAAC,CAAC,QAAQ,CAAC,SAAS,CAAC,CAAC;QAC1D,IAAG,CAAC,IAAI;YAAE,OAAO,GAAG,CAAC,MAAM,CAAC,GAAG,CAAC,CAAC,IAAI,CAAC,EAAC,OAAO,EAAC,uBAAuB,EAAC,CAAC,CAAC;QAGzE,MAAM,OAAO,GAAG,MAAM,iBAAO,CAAC,QAAQ,CAAC,IAAI,CAAC,OAAO,CAAC,CAAC;QAErD,GAAG,CAAC,MAAM,CAAC,GAAG,CAAC,CAAC,IAAI,CAAC,OAAO,CAAC,CAAA;KAEhC;IAAC,OAAO,KAAK,EAAE;QACZ,OAAO,CAAC,GAAG,CAAC,KAAK,CAAC,CAAA;QAClB,GAAG,CAAC,MAAM,CAAC,GAAG,CAAC,CAAC,IAAI,CAAC,EAAC,OAAO,EAAE,uBAAuB,EAAC,CAAC,CAAC;KAC5D;AACL,CAAC,CAAA;AAhBY,QAAA,UAAU,cAgBtB;AAGM,MAAM,UAAU,GAAG,CAAC,GAAW,EAAE,GAAY,EAAE,EAAE;IACpD,IAAI;QACA,GAAG,CAAC,IAAI,CAAC,UAAU,CAAC,CAAA;KACvB;IAAC,OAAO,KAAK,EAAE;QACZ,GAAG,CAAC,MAAM,CAAC,GAAG,CAAC,CAAC,IAAI,CAAC,EAAC,OAAO,EAAE,uBAAuB,EAAC,CAAC,CAAC;KAC5D;AACL,CAAC,CAAA;AANY,QAAA,UAAU,cAMtB;AAEM,MAAM,QAAQ,GAAG,KAAK,EAAC,GAAY,EAAE,GAAY,EAAE,EAAE;IACxD,IAAI;QACA,MAAM,KAAK,GAAG,MAAM,cAAI,CAAC,IAAI,CAAC,EAAE,CAAC,CAAC,MAAM,CAAC,WAAW,CAAC,CAAC;QACtD,GAAG,CAAC,MAAM,CAAC,GAAG,CAAC,CAAC,IAAI,CAAC,KAAK,CAAC,CAAA;KAC9B;IAAC,OAAO,KAAK,EAAE;QACZ,GAAG,CAAC,MAAM,CAAC,GAAG,CAAC,CAAC,IAAI,CAAC,EAAC,OAAO,EAAE,uBAAuB,EAAC,CAAC,CAAC;KAC5D;AACL,CAAC,CAAA;AAPY,QAAA,QAAQ,YAOpB","sourcesContent":["import { Request, Response } from \"express\";\r\nimport bcrypt from 'bcryptjs';\r\nimport User from \"../models/User\";\r\nimport Shop from \"../models/Shop\";\r\nimport Profile from \"../models/Profile\";\r\nimport { JWTRequestI } from \"../middlewares/checkJWT.middleware\";\r\n\r\n\r\n\r\nexport const createUser = async (req:Request, res:Response) => {\r\n    try {\r\n        // Buscar usuario\r\n        const isUser = await User.findOne({email: req.body.email});\r\n        const isShop = await Shop.findOne({email: req.body.email});\r\n\r\n        //mandar mensaje si se encuentra\r\n        if(isUser) return res.status(400).json({message:\"El usuario ya existe\"});\r\n        if(isShop) return res.status(400).json({message:\"El usuario ya existe\"});\r\n\r\n\r\n        //Crear el perfil\r\n        const profile =  new Profile();\r\n        await profile.save();\r\n\r\n\r\n        //Crear el usuario\r\n        const user = await User.create({...req.body, profile: profile._id});\r\n\r\n        \r\n        //Encriptar contrasena\r\n        const salt = bcrypt.genSaltSync();\r\n        user.password = bcrypt.hashSync(user.password, salt);\r\n\r\n\r\n        //Guardar el usuario creado\r\n        await user.save();\r\n\r\n        //Enviar el usuario guardado desde la db\r\n        res.status(201).json(user);\r\n\r\n    } catch (error) {\r\n        console.log(error)\r\n        res.status(500).json({message: \"Internal server Error\"});\r\n    }\r\n}\r\n\r\nexport const updateProfile = async(req: JWTRequestI, res:Response) => {\r\n    try {\r\n        const body = req.body;\r\n        const uid = req.uid;\r\n\r\n        //Verficar usuario\r\n        const user = await User.findById(uid).populate(\"profile\");\r\n        if(!user) return res.status(404).json({message:\"Usuario no encontrado\"});\r\n\r\n        const imagen = req.file;\r\n\r\n        if(imagen){\r\n            console.log(imagen)\r\n        }\r\n\r\n        //Buscar perfil del usuario / actualizar\r\n        const profile = await Profile.findByIdAndUpdate(user.profile,{...req.body}, {new: true});\r\n\r\n        \r\n\r\n        res.status(201).json(profile)\r\n\r\n    } catch (error) {\r\n        console.log(error)\r\n        res.status(500).json({message: \"Internal server Error\"});\r\n    }\r\n}\r\n\r\nexport const getProfile  = async(req: JWTRequestI, res: Response) => {\r\n    try {\r\n        const {uid} = req;\r\n\r\n        const user = await User.findById(uid).populate(\"profile\");\r\n        if(!user) return res.status(404).json({message:\"Usuario no encontrado\"});\r\n\r\n\r\n        const profile = await Profile.findById(user.profile);\r\n\r\n        res.status(200).json(profile)\r\n\r\n    } catch (error) {\r\n        console.log(error)\r\n        res.status(500).json({message: \"Internal server Error\"});\r\n    }\r\n}\r\n\r\n\r\nexport const updateUser = (req:Request, res:Response) => {\r\n    try {\r\n        res.send(\"correcto\")\r\n    } catch (error) {\r\n        res.status(500).json({message: \"Internal server Error\"});\r\n    }\r\n}\r\n\r\nexport const getUsers = async(req: Request, res:Response) => {\r\n    try {\r\n        const users = await User.find({}).select('-password');\r\n        res.status(200).json(users)\r\n    } catch (error) {\r\n        res.status(500).json({message: \"Internal server Error\"});\r\n    }\r\n}\r\n\r\n\r\n\r\n\r\n"]},"_coverageSchema":"1a1c01bbd47fc00a2c39e90264f33305004495a9","hash":"757681841ed9a1eea4958019e6875ed56083c7a2","contentHash":"86ae0088ab6b4fb8cedf40c1a8d3bc75cae5adbefe73d2fd511ce05a03203e36"},"C:\\Users\\marce\\OneDrive\\Escritorio\\ACL\\MERN\\src\\models\\Profile.ts":{"path":"C:\\Users\\marce\\OneDrive\\Escritorio\\ACL\\MERN\\src\\models\\Profile.ts","statementMap":{"0":{"start":{"line":2,"column":0},"end":{"line":2,"column":62}},"1":{"start":{"line":3,"column":19},"end":{"line":3,"column":38}},"2":{"start":{"line":4,"column":22},"end":{"line":20,"column":2}},"3":{"start":{"line":21,"column":0},"end":{"line":21,"column":66}}},"fnMap":{},"branchMap":{},"s":{"0":1,"1":1,"2":1,"3":1},"f":{},"b":{},"inputSourceMap":{"version":3,"file":"C:/Users/marce/OneDrive/Escritorio/ACL/MERN/src/models/Profile.ts","sources":["C:/Users/marce/OneDrive/Escritorio/ACL/MERN/src/models/Profile.ts"],"names":[],"mappings":";;AAAA,uCAAmE;AAYnE,MAAM,aAAa,GAAG,IAAI,iBAAM,CAAW;IACvC,UAAU,EAAE;QACR,IAAI,EAAE,MAAM;KACf;IACD,IAAI,EAAE;QACF,IAAI,EAAE,MAAM;KACf;IACD,QAAQ,EAAE;QACN,IAAI,EAAE,MAAM;KACf;IACD,OAAO,EAAE;QACL,IAAI,EAAE,MAAM;KACf;IACD,QAAQ,EAAC;QACL,IAAI,EAAE,MAAM;KACf;CAEJ,CAAC,CAAC;AAGH,kBAAe,IAAA,gBAAK,EAAC,SAAS,EAAE,aAAa,CAAC,CAAC","sourcesContent":["import { Schema, SchemaDefinitionProperty, model } from \"mongoose\";\r\n\r\n\r\nexport interface ProfileI {\r\n    profileImg?: string;\r\n    name: string;\r\n    lastName: string;\r\n    address: string;\r\n    publicId: string; /// id cloudinary image\r\n}\r\n\r\n\r\nconst ProfileSchema = new Schema<ProfileI>({\r\n    profileImg: {\r\n        type: String\r\n    },\r\n    name: {\r\n        type: String\r\n    },\r\n    lastName: {\r\n        type: String\r\n    },\r\n    address: {\r\n        type: String\r\n    },\r\n    publicId:{\r\n        type: String\r\n    }\r\n\r\n});\r\n\r\n\r\nexport default model('Profile', ProfileSchema);\r\n"]},"_coverageSchema":"1a1c01bbd47fc00a2c39e90264f33305004495a9","hash":"25fe0cb1feabda89d5f8e79a372a12d565cc3873","contentHash":"17d52f3bad9f05705501a69b790cf13c2945fde603424bdc22a27066009ecbe4"},"C:\\Users\\marce\\OneDrive\\Escritorio\\ACL\\MERN\\src\\schemas\\user.schema.ts":{"path":"C:\\Users\\marce\\OneDrive\\Escritorio\\ACL\\MERN\\src\\schemas\\user.schema.ts","statementMap":{"0":{"start":{"line":2,"column":0},"end":{"line":2,"column":62}},"1":{"start":{"line":3,"column":0},"end":{"line":3,"column":95}},"2":{"start":{"line":4,"column":14},"end":{"line":4,"column":28}},"3":{"start":{"line":5,"column":20},"end":{"line":5,"column":49}},"4":{"start":{"line":6,"column":0},"end":{"line":19,"column":3}},"5":{"start":{"line":20,"column":0},"end":{"line":31,"column":3}},"6":{"start":{"line":32,"column":0},"end":{"line":45,"column":3}}},"fnMap":{},"branchMap":{},"s":{"0":1,"1":1,"2":1,"3":1,"4":1,"5":1,"6":1},"f":{},"b":{},"inputSourceMap":{"version":3,"file":"C:/Users/marce/OneDrive/Escritorio/ACL/MERN/src/schemas/user.schema.ts","sources":["C:/Users/marce/OneDrive/Escritorio/ACL/MERN/src/schemas/user.schema.ts"],"names":[],"mappings":";;;AAAA,6BAAwB;AACxB,kDAA+C;AAGlC,QAAA,gBAAgB,GAAG,OAAC,CAAC,MAAM,CAAC;IACrC,IAAI,EAAE,OAAC,CAAC,MAAM,CAAC;QACX,KAAK,EAAE,OAAC,CAAC,MAAM,EAAE,CAAC,QAAQ,CAAC,uBAAuB,CAAC,CAAC,KAAK,CAAC;YACtD,OAAO,EAAE,qDAAqD;SACjE,CAAC;QAEF,QAAQ,EAAE,OAAC,CAAC,MAAM,EAAE,CAAC,QAAQ,CAAC,4BAA4B,CAAC;aACtD,GAAG,CAAC,CAAC,EAAE,kCAAkC,CAAC;aAC1C,GAAG,CAAC,EAAE,EAAE,kCAAkC,CAAC;QAEhD,QAAQ,EAAE,OAAC,CAAC,MAAM,EAAE,CAAC,QAAQ,CAAC,mCAAmC,CAAC;aAC7D,GAAG,CAAC,CAAC,EAAE,sCAAsC,CAAC;aAC9C,GAAG,CAAC,EAAE,EAAC,mCAAmC,CAAC;QAEhD,KAAK,EAAE,OAAC,CAAC,UAAU,CAAC,qBAAS,CAAC,CAAC,KAAK,EAAE,CAAC,QAAQ,CAAC,6BAA6B,CAAC;KACjF,CAAC;CACL,CAAC,CAAC;AAGU,QAAA,uBAAuB,GAAG,OAAC,CAAC,MAAM,CAAC;IAC5C,IAAI,EAAE,OAAC,CAAC,MAAM,CAAC;QACX,IAAI,EAAC,OAAC,CAAC,MAAM,EAAE,CAAC,QAAQ,CAAC,mCAAmC,CAAC;aAC5D,GAAG,CAAC,CAAC,EAAE,sCAAsC,CAAC;aAC9C,GAAG,CAAC,EAAE,EAAC,mCAAmC,CAAC,CAAC,QAAQ,EAAE;QAEvD,QAAQ,EAAE,OAAC,CAAC,MAAM,EAAE,CAAC,QAAQ,CAAC,sCAAsC,CAAC;aACpE,GAAG,CAAC,CAAC,EAAE,sCAAsC,CAAC;aAC9C,GAAG,CAAC,EAAE,EAAC,mCAAmC,CAAC,CAAC,QAAQ,EAAE;QAEvD,OAAO,EAAE,OAAC,CAAC,MAAM,EAAE,CAAC,GAAG,CAAC,CAAC,EAAE,sCAAsC,CAAC;aACjE,GAAG,CAAC,EAAE,EAAC,mCAAmC,CAAC,CAAC,QAAQ,EAAE;KAC1D,CAAC;CACL,CAAC,CAAC;AAEU,QAAA,gBAAgB,GAAG,OAAC,CAAC,MAAM,CAAC;IACrC,IAAI,EAAE,OAAC,CAAC,MAAM,CAAC;QACX,KAAK,EAAE,OAAC,CAAC,MAAM,EAAE,CAAC,QAAQ,CAAC,uBAAuB,CAAC,CAAC,KAAK,CAAC;YACtD,OAAO,EAAE,qDAAqD;SACjE,CAAC;QAEF,QAAQ,EAAE,OAAC,CAAC,MAAM,EAAE,CAAC,QAAQ,CAAC,mCAAmC,CAAC;aAC7D,GAAG,CAAC,CAAC,EAAE,sCAAsC,CAAC;aAC9C,GAAG,CAAC,EAAE,EAAC,mCAAmC,CAAC;QAEhD,IAAI,EAAE,OAAC,CAAC,UAAU,CAAC,qBAAS,CAAC,CAAC,KAAK,EAAE;KACxC,CAAC;IACF,MAAM,EAAE,OAAC,CAAC,MAAM,CAAC;QACb,EAAE,EAAE,OAAC,CAAC,MAAM,EAAE,CAAC,GAAG,CAAC,CAAC,CAAC;KACxB,CAAC;CACL,CAAC,CAAA","sourcesContent":["import { z } from \"zod\";\r\nimport { RolesEnum } from \"../enums/user.enum\";\r\n\r\n\r\nexport const createUserSchema = z.object({\r\n    body: z.object({\r\n        email: z.string().nonempty(\"El email es requerido\").email({\r\n            message: \"El email no es valido, por favor intente nuevamente\",\r\n        }),\r\n    \r\n        password: z.string().nonempty(\"La contraseña es requerida\")\r\n            .min(8, \"La contraseña es demasiado corta\")\r\n            .max(20, \"La contraseña es demasiado larga\"),\r\n    \r\n        username: z.string().nonempty(\"El nombre de usuario es requerido\")\r\n            .min(3, \"Debe tener un minimo de 3 caracteres\")\r\n            .max(20,\"No debe superar los 20 caracteres\"),\r\n    \r\n        roles: z.nativeEnum(RolesEnum).array().nonempty(\"Se debe proporcionar un rol\")\r\n    })\r\n});\r\n\r\n\r\nexport const updateProfileUserSchema = z.object({\r\n    body: z.object({\r\n        name:z.string().nonempty(\"El nombre de usuario es requerido\")\r\n        .min(3, \"Debe tener un minimo de 3 caracteres\")\r\n        .max(20,\"No debe superar los 20 caracteres\").optional(),\r\n\r\n        lastName: z.string().nonempty(\"El apellido del usuario es requerido\")\r\n        .min(3, \"Debe tener un minimo de 3 caracteres\")\r\n        .max(20,\"No debe superar los 20 caracteres\").optional(),\r\n\r\n        address: z.string().min(5, \"Debe tener un minimo de 3 caracteres\")\r\n        .max(30,\"No debe superar los 20 caracteres\").optional(),\r\n    })\r\n});\r\n\r\nexport const updateUserSchema = z.object({\r\n    body: z.object({\r\n        email: z.string().nonempty(\"El email es requerido\").email({\r\n            message: \"El email no es valido, por favor intente nuevamente\",\r\n        }),\r\n        \r\n        username: z.string().nonempty(\"El nombre de usuario es requerido\")\r\n            .min(3, \"Debe tener un minimo de 3 caracteres\")\r\n            .max(20,\"No debe superar los 20 caracteres\"),\r\n    \r\n        role: z.nativeEnum(RolesEnum).array()\r\n    }),\r\n    params: z.object({\r\n        id: z.string().min(3)\r\n    })\r\n})"]},"_coverageSchema":"1a1c01bbd47fc00a2c39e90264f33305004495a9","hash":"653d49ccbad6e886730c347f0d0de74f0d6e14fa","contentHash":"27684de8554095afcaa6ffdad4644490bc39d5a5a11a9bb9e7855dc760d9906e"},"C:\\Users\\marce\\OneDrive\\Escritorio\\ACL\\MERN\\src\\middlewares\\authorizeByRole.middleware.ts":{"path":"C:\\Users\\marce\\OneDrive\\Escritorio\\ACL\\MERN\\src\\middlewares\\authorizeByRole.middleware.ts","statementMap":{"0":{"start":{"line":2,"column":0},"end":{"line":2,"column":62}},"1":{"start":{"line":3,"column":22},"end":{"line":16,"column":1}},"2":{"start":{"line":4,"column":4},"end":{"line":15,"column":6}},"3":{"start":{"line":5,"column":25},"end":{"line":5,"column":34}},"4":{"start":{"line":6,"column":8},"end":{"line":7,"column":69}},"5":{"start":{"line":7,"column":12},"end":{"line":7,"column":69}},"6":{"start":{"line":8,"column":8},"end":{"line":14,"column":9}},"7":{"start":{"line":9,"column":12},"end":{"line":9,"column":19}},"8":{"start":{"line":12,"column":12},"end":{"line":12,"column":65}},"9":{"start":{"line":17,"column":0},"end":{"line":17,"column":32}}},"fnMap":{"0":{"name":"(anonymous_0)","decl":{"start":{"line":3,"column":22},"end":{"line":3,"column":23}},"loc":{"start":{"line":3,"column":40},"end":{"line":16,"column":1}},"line":3},"1":{"name":"(anonymous_1)","decl":{"start":{"line":4,"column":11},"end":{"line":4,"column":12}},"loc":{"start":{"line":4,"column":31},"end":{"line":15,"column":5}},"line":4}},"branchMap":{"0":{"loc":{"start":{"line":6,"column":8},"end":{"line":7,"column":69}},"type":"if","locations":[{"start":{"line":6,"column":8},"end":{"line":7,"column":69}},{"start":{"line":6,"column":8},"end":{"line":7,"column":
[...]
,KAAK,CAAC,CAAC;YACtC,OAAO,CAAC,KAAK,CAAC,WAAW,CAAC,IAAI,WAAW,IAAI,CAAC,CAAC;QACnD,CAAC,EAAE,EAAC,OAAO,EAAE,6CAA6C,GAAE,CAAC;QAE7D,IAAI,EAAE,OAAC,CAAC,MAAM,CAAC,EAAC,cAAc,EAAC,mCAAmC,EAAE,kBAAkB,EAAC,0BAA0B,EAAC,CAAC,CAAC,QAAQ,CAAC,mCAAmC,CAAC;QAEjK,QAAQ,EAAE,OAAC,CAAC,MAAM,CAAC,EAAC,cAAc,EAAC,sCAAsC,EAAE,kBAAkB,EAAC,0BAA0B,EAAC,CAAC,CAAC,QAAQ,CAAC,sCAAsC,CAAC;KAC9K,CAAC;CACL,CAAC,CAAC","sourcesContent":["import { z } from \"zod\";\r\n\r\n\r\nexport const createProductSchema = z.object({\r\n    body: z.object({\r\n        title: z.string().nonempty(\"El nombre del producto es requerido\"),\r\n    \r\n        price: z.string().refine((value) => {\r\n            const numberValue = parseFloat(value);\r\n            return !isNaN(numberValue) && numberValue > 0;\r\n        }, {message: \"El precio debe ser un número positivo válido\",}),\r\n\r\n        stock: z.string().refine((value) => {\r\n            const numberValue = parseFloat(value);\r\n            return !isNaN(numberValue) && numberValue >= 0;\r\n        }, {message: \"El stock debe ser un número positivo válido\",}),\r\n\r\n        shop: z.string({required_error:\"EL id de la tienda es obligatorio\", invalid_type_error:\"El id debe ser un string\"}).nonempty(\"EL id de la tienda es obligatorio\"),\r\n        \r\n        category: z.string({required_error:\"EL id de la categoría es obligatorio\", invalid_type_error:\"El id debe ser un string\"}).nonempty(\"EL id de la categoría es obligatorio\")\r\n    })\r\n});\r\n\r\n\r\n\r\n\r\n"]},"_coverageSchema":"1a1c01bbd47fc00a2c39e90264f33305004495a9","hash":"9851ec6bf78bbbc519fae5d7d19b0cb81314a46f","contentHash":"0654d4908314bebd5ac1cc36cac308ba5c1f08a2cd7fc15f39476adf1e616bed"},"C:\\Users\\marce\\OneDrive\\Escritorio\\ACL\\MERN\\src\\utils\\multer.config.ts":{"path":"C:\\Users\\marce\\OneDrive\\Escritorio\\ACL\\MERN\\src\\utils\\multer.config.ts","statementMap":{"0":{"start":{"line":2,"column":22},"end":{"line":4,"column":1}},"1":{"start":{"line":3,"column":4},"end":{"line":3,"column":62}},"2":{"start":{"line":5,"column":0},"end":{"line":5,"column":62}},"3":{"start":{"line":6,"column":17},"end":{"line":6,"column":51}},"4":{"start":{"line":7,"column":15},"end":{"line":7,"column":47}},"5":{"start":{"line":8,"column":0},"end":{"line":18,"column":3}},"6":{"start":{"line":11,"column":18},"end":{"line":11,"column":59}},"7":{"start":{"line":12,"column":8},"end":{"line":15,"column":9}},"8":{"start":{"line":13,"column":12},"end":{"line":13,"column":28}},"9":{"start":{"line":14,"column":12},"end":{"line":14,"column":19}},"10":{"start":{"line":16,"column":8},"end":{"line":16,"column":23}},"11":{"start":{"line":19,"column":0},"end":{"line":19,"column":35}}},"fnMap":{"0":{"name":"(anonymous_0)","decl":{"start":{"line":2,"column":56},"end":{"line":2,"column":57}},"loc":{"start":{"line":2,"column":71},"end":{"line":4,"column":1}},"line":2},"1":{"name":"(anonymous_1)","decl":{"start":{"line":10,"column":16},"end":{"line":10,"column":17}},"loc":{"start":{"line":10,"column":35},"end":{"line":17,"column":5}},"line":10}},"branchMap":{"0":{"loc":{"start":{"line":2,"column":22},"end":{"line":4,"column":1}},"type":"binary-expr","locations":[{"start":{"line":2,"column":23},"end":{"line":2,"column":27}},{"start":{"line":2,"column":31},"end":{"line":2,"column":51}},{"start":{"line":2,"column":56},"end":{"line":4,"column":1}}],"line":2},"1":{"loc":{"start":{"line":3,"column":11},"end":{"line":3,"column":61}},"type":"cond-expr","locations":[{"start":{"line":3,"column":37},"end":{"line":3,"column":40}},{"start":{"line":3,"column":43},"end":{"line":3,"column":61}}],"line":3},"2":{"loc":{"start":{"line":3,"column":12},"end":{"line":3,"column":33}},"type":"binary-expr","locations":[{"start":{"line":3,"column":12},"end":{"line":3,"column":15}},{"start":{"line":3,"column":19},"end":{"line":3,"column":33}}],"line":3},"3":{"loc":{"start":{"line":12,"column":8},"end":{"line":15,"column":9}},"type":"if","locations":[{"start":{"line":12,"column":8},"end":{"line":15,"column":9}},{"start":{"line":12,"column":8},"end":{"line":15,"column":9}}],"line":12},"4":{"loc":{"start":{"line":12,"column":12},"end":{"line":12,"column":63}},"type":"binary-expr","locations":[{"start":{"line":12,"column":12},"end":{"line":12,"column":26}},{"start":{"line":12,"column":30},"end":{"line":12,"column":45}},{"start":{"line":12,"column":49},"end":{"line":12,"column":63}}],"line":12}},"s":{"0":1,"1":2,"2":1,"3":1,"4":1,"5":1,"6":0,"7":0,"8":0,"9":0,"10":0,"11":1},"f":{"0":2,"1":0},"b":{"0":[1,1,1],"1":[0,2],"2":[2,2],"3":[0,0],"4":[0,0,0]},"inputSourceMap":{"version":3,"file":"C:/Users/marce/OneDrive/Escritorio/ACL/MERN/src/utils/multer.config.ts","sources":["C:/Users/marce/OneDrive/Escritorio/ACL/MERN/src/utils/multer.config.ts"],"names":[],"mappings":";;;;;AAAA,oDAA4B;AAC5B,gDAA0B;AAI1B,IAAA,gBAAM,EAAC;IACH,OAAO,EAAE,gBAAM,CAAC,WAAW,CAAC,EAAE,CAAC;IAC/B,UAAU,EAAE,CAAC,GAAG,EAAE,IAAI,EAAE,EAAE,EAAE,EAAE;QAC1B,IAAI,GAAG,GAAG,cAAI,CAAC,OAAO,CAAC,IAAI,CAAC,YAAY,CAAC,CAAC;QAC1C,IAAG,GAAG,KAAK,MAAM,IAAI,GAAG,KAAK,OAAO,IAAI,GAAG,KAAK,MAAM,EAAC;YACnD,EAAE,CAAE,IAAI,EAAE,KAAK,CAAC,CAAC;YACjB,OAAO;SACV;QACD,EAAE,CAAC,IAAI,EAAE,IAAI,CAAC,CAAC;IACnB,CAAC;CACJ,CAAC,CAAA;AAEF,kBAAe,gBAAM,CAAC","sourcesContent":["import multer from 'multer';\r\nimport  path  from 'path';\r\n\r\n\r\n\r\nmulter({\r\n    storage: multer.diskStorage({}),\r\n    fileFilter: (req, file, cb) =>{\r\n        let ext = path.extname(file.originalname);\r\n        if(ext !== \".jpg\" && ext !== \".jpeg\" && ext !== \".png\"){\r\n            cb( null, false);\r\n            return;\r\n        }\r\n        cb(null, true);\r\n    }\r\n})\r\n\r\nexport default multer;"]},"_coverageSchema":"1a1c01bbd47fc00a2c39e90264f33305004495a9","hash":"a820a6c48891ccfaf4cf188f70bab4ef849d9c26","contentHash":"3307306afd0968bcdf5db3d1482a29d7ee0228edf71a677b758292244115ae4b"},"C:\\Users\\marce\\OneDrive\\Escritorio\\ACL\\MERN\\src\\routes\\category.routes.ts":{"path":"C:\\Users\\marce\\OneDrive\\Escritorio\\ACL\\MERN\\src\\routes\\category.routes.ts","statementMap":{"0":{"start":{"line":2,"column":22},"end":{"line":4,"column":1}},"1":{"start":{"line":3,"column":4},"end":{"line":3,"column":62}},"2":{"start":{"line":5,"column":0},"end":{"line":5,"column":62}},"3":{"start":{"line":6,"column":18},"end":{"line":6,"column":36}},"4":{"start":{"line":7,"column":30},"end":{"line":7,"column":75}},"5":{"start":{"line":8,"column":30},"end":{"line":8,"column":92}},"6":{"start":{"line":9,"column":37},"end":{"line":9,"column":106}},"7":{"start":{"line":10,"column":20},"end":{"line":10,"column":49}},"8":{"start":{"line":11,"column":15},"end":{"line":11,"column":38}},"9":{"start":{"line":12,"column":0},"end":{"line":12,"column":166}},"10":{"start":{"line":13,"column":0},"end":{"line":13,"column":56}},"11":{"start":{"line":14,"column":0},"end":{"line":14,"column":25}}},"fnMap":{"0":{"name":"(anonymous_0)","decl":{"start":{"line":2,"column":56},"end":{"line":2,"column":57}},"loc":{"start":{"line":2,"column":71},"end":{"line":4,"column":1}},"line":2}},"branchMap":{"0":{"loc":{"start":{"line":2,"column":22},"end":{"line":4,"column":1}},"type":"binary-expr","locations":[{"start":{"line":2,"column":23},"end":{"line":2,"column":27}},{"start":{"line":2,"column":31},"end":{"line":2,"column":51}},{"start":{"line":2,"column":56},"end":{"line":4,"column":1}}],"line":2},"1":{"loc":{"start":{"line":3,"column":11},"end":{"line":3,"column":61}},"type":"cond-expr","locations":[{"start":{"line":3,"column":37},"end":{"line":3,"column":40}},{"start":{"line":3,"column":43},"end":{"line":3,"column":61}}],"line":3},"2":{"loc":{"start":{"line":3,"column":12},"end":{"line":3,"column":33}},"type":"binary-expr","locations":[{"start":{"line":3,"column":12},"end":{"line":3,"column":15}},{"start":{"line":3,"column":19},"end":{"line":3,"column":33}}],"line":3}},"s":{"0":1,"1":2,"2":1,"3":1,"4":1,"5":1,"6":1,"7":1,"8":1,"9":1,"10":1,"11":1},"f":{"0":2},"b":{"0":[1,1,1],"1":[2,0],"2":[2,2]},"inputSourceMap":{"version":3,"file":"C:/Users/marce/OneDrive/Escritorio/ACL/MERN/src/routes/category.routes.ts","sources":["C:/Users/marce/OneDrive/Escritorio/ACL/MERN/src/routes/category.routes.ts"],"names":[],"mappings":";;;;;AAAA,qCAA8B;AAC9B,4EAAsF;AACtF,6FAAiE;AACjE,2GAAsE;AACtE,kDAA+C;AAI/C,MAAM,MAAM,GAAG,IAAA,gBAAM,GAAE,CAAC;AAExB,MAAM,CAAC,IAAI,CAAC,SAAS,EAAC,CAAC,6BAAe,EAAE,IAAA,oCAAa,EAAC,qBAAS,CAAC,KAAK,CAAC,CAAC,EAAG,oCAAc,CAAC,CAAC;AAC1F,MAAM,CAAC,GAAG,CAAC,GAAG,EAAC,sCAAgB,CAAC,CAAC;AAGjC,kBAAe,MAAM,CAAC","sourcesContent":["import {Router} from 'express'\r\nimport { createCategory, getAllCategories } from '../controllers/category.controller';\r\nimport authenticateJWT from '../middlewares/checkJWT.middleware';\r\nimport authorizeRole from '../middlewares/authorizeByRole.middleware';\r\nimport { RolesEnum } from '../enums/user.enum';\r\n\r\n\r\n\r\nconst router = Router();\r\n\r\nrouter.post('/create',[authenticateJWT, authorizeRole(RolesEnum.ADMIN)]  ,createCategory);\r\nrouter.get('/',getAllCategories);\r\n\r\n\r\nexport default router;"]},"_coverageSchema":"1a1c01bbd47fc00a2c39e90264f33305004495a9","hash":"d8755f0afd19636ff97a12e5c86b77a32b597f1b","contentHash":"3aca93d27ab8be63e4e80ee3a464f523b33bc15422c58d0ca5d5324dc94407cc"},"C:\\Users\\marce\\OneDrive\\Escritorio\\ACL\\MERN\\src\\controllers\\category.controller.ts":{"path":"C:\\Users\\marce\\OneDrive\\Escritorio\\ACL\\MERN\\src\\controllers\\category.controller.ts","statementMap":{"0":{"start":{"line":2,"column":22},"end":{"line":4,"column":1}},"1":{"start":{"line":3,"column":4},"end":{"line":3,"column":62}},"2":{"start":{"line":5,"column":0},"end":{"line":5,"column":62}},"3":{"start":{"line":6,"column":0},"end":{"line":6,"column":59}},"4":{"start":{"line":7,"column":19},"end":{"line":7,"column":65}},"5":{"start":{"line":8,"column":23},"end":{"line":24,"column":1}},"6":{"start":{"line":9,"column":4},"end":{"line":23,"column":5}},"7":{"start":{"line":10,"column":33},"end":{"line":10,"column":41}},"8":{"start":{"line":11,"column":8},"end":{"line":12,"column":97}},"9":{"start":{"line":12,"column":12},"end":{"line":12,"column":97}},"10":{"start":{"line":13,"column":34},"end":{"line":13,"column":67}},"11":{"start":{"line":14,"column":27},"end":{"line":14,"column":98}},"12":{"start":{"line":15,"column":8},"end":{"line":16,"column":79}},"13":{"start":{"line":16,"column":12},"end":{"line":16,"column":79}},"14":{"start":{"line":17,"column":25},"end":{"line":17,"column":93}},"15":{"start":{"line":18,"column":8},"end":{"line":18,"column":30}},"16":{"start":{"line":19,"column":8},"end":{"line":19,"column":39}},"17":{"start":{"line":22,"column":8},"end":{"line":22,"column":27}},"18":{"start":{"line":25,"column":0},"end":{"line":25,"column":40}},"19":{"start":{"line":26,"column":25},"end":{"line":34,"column":1}},"20":{"start":{"line":27,"column":4},"end":{"line":33,"column":5}},"21":{"start":{"line":28,"column":27},"end":{"line":28,"column":60}},"22":{"start":{"line":29,"column":8},"end":{"line":29,"column":29}},"23":{"start":{"line":32,"column":8},"end":{"line":32,"column":27}},"24":{"start":{"line":35,"column":0},"end":{"line":35,"column":44}}},"fnMap":{"0":{"name":"(anonymous_0)","decl":{"start":{"line":2,"column":56},"end":{"line":2,"column":57}},"loc":{"start":{"line":2,"column":71},"end":{"line":4,"column":1}},"line":2},"1":{"name":"(anonymous_1)","decl":{"start":{"line":8,"column":23},"end":{"line":8,"column":24}},"loc":{"start":{"line":8,"column":43},"end":{"line":24,"column":1}},"line":8},"2":{"name":"(anonymous_2)","decl":{"start":{"line":26,"column":25},"end":{"line":26,"column":26}},"loc":{"start":{"line":26,"column":45},"end":{"line":34,"column":1}},"line":26}},"branchMap":{"0":{"loc":{"start":{"line":2,"column":22},"end":{"line":4,"column":1}},"type":"binary-expr","locations":[{"start":{"line":2,"column":23},"end":{"line":2,"column":27}},{"start":{"line":2,"column":31},"end":{"line":2,"column":51}},{"start":{"line":2,"column":56},"end":{"line":4,"column":1}}],"line":2},"1":{"loc":{"start":{"line":3,"column":11},"end":{"line":3,"column":61}},"type":"cond-expr","locations":[{"start":{"line":3,"column":37},"end":{"line":3,"column":40}},{"start":{"line":3,"column":43},"end":{"line":3,"column":61}}],"line":3},"2":{"loc":{"start":{"line":3,"column":12},"end":{"line":3,"column":33}},"type":"binary-expr","locations":[{"start":{"line":3,"column":12},"end":{"line":3,"column":15}},{"start":{"line":3,"column":19},"end":{"line":3,"column":33}}],"line":3},"3":{"loc":{"start":{"line":11,"column":8},"end":{"line":12,"column":97}},"type":"if","locations":[{"start":{"line":11,"column":8},"end":{"line":12,"column":97}},{"start":{"line":11,"column":8},"end":{"line":12,"column":97}}],"line":11},"4":{"loc":{"start":{"line":15,"column":8},"end":{"line":16,"column":79}},"type":"if","locations":[{"start":{"line":15,"column":8},"end":{"line":16,"column":79}},{"start":{"line":15,"column":8},"end":{"line":16,"column":79}}],"line":15}},"s":{"0":1,"1":1,"2":1,"3":1,"4":1,"5":1,"6":0,"7":0,"8":0,"9":0,"10":0,"11":0,"12":0,"13":0,"14":0,"15":0,"16":0,"17":0,"18":1,"19":1,"20":0,"21":0,"22":0,"23":0,"24":1},"f":{"0":1,"1":0,"2":0},"b":{"0":[1,1,1],"1":[1,0],"2":[1,1],"3":[0,0],"4":[0,0]},"inputSourceMap":{"version":3,"file":"C:/Users/marce/OneDrive/Escritorio/ACL/MERN/src/controllers/category.controller.ts","sources":["C:/Users/marce/OneDrive/Escritorio/ACL/MERN/src/controllers/category.controller.ts"],"names":[],"mappings":";;;;;;AACA,kEAAyD;AAGlD,MAAM,cAAc,GAAG,KAAK,EAAC,GAAY,EAAE,GAAa,EAAE,EAAE;IAC/D,IAAI;QACA,MAAM,EAAC,YAAY,EAAC,GAAa,GAAG,CAAC,IAAI,CAAC;QAE1C,IAAG,CAAC,YAAY;YAAE,OAAO,GAAG,CAAC,MAAM,CAAC,GAAG,CAAC,CAAC,IAAI,CAAC,EAAC,OAAO,EAAC,0CAA0C,EAAC,CAAC,CAAC;QAEpG,MAAM,iBAAiB,GAAG,YAAY,CAAC,WAAW,EAAE,CAAC,IAAI,EAAE,CAAC;QAI5D,MAAM,UAAU,GAAG,MAAM,kBAAQ,CAAC,OAAO,CAAC,EAAC,cAAc,EAAE,iBAAiB,EAAC,CAAC,CAAC;QAC/E,IAAG,UAAU;YAAE,OAAO,GAAG,CAAC,MAAM,CAAC,GAAG,CAAC,CAAC,IAAI,CAAC,EAAC,OAAO,EAAC,wBAAwB,EAAC,CAAC,CAAC;QAE/E,MAAM,QAAQ,GAAG,MAAM,kBAAQ,CAAC,MAAM,CAAC,EAAC,YAAY,EAAE,iBAAiB,EAAC,CAAC,CAAC;QAC1E,MAAM,QAAQ,CAAC,IAAI,EAAE,CAAC;QAEtB,GAAG,CAAC,MAAM,CAAC,GAAG,CAAC,CAAC,IAAI,CAAC,QAAQ,CAAC,CAAC;KAElC;IAAC,OAAO,KAAK,EAAE;QACZ,OAAO,CAAC,GAAG,CAAC,KAAK,CAAC,CAAA;KACrB;AACL,CAAC,CAAA;AArBY,QAAA,cAAc,kBAqB1B;AAEM,MAAM,gBAAgB,GAAG,KAAK,EAAE,GAAW,EAAE,GAAY,EAAE,EAAE;IAChE,IAAI;QACA,MAAM,UAAU,GAAG,MAAM,kBAAQ,CAAC,IAAI,CAAC,EAAE,CAAC,CAAC;QAE3C,GAAG,CAAC,IAAI,CAAC,UAAU,CAAC,CAAC;KACxB;IAAC,OAAO,KAAK,EAAE;QACZ,OAAO,CAAC,GAAG,CAAC,KAAK,CAAC,CAAA;KACrB;AACL,CAAC,CAAA;AARY,QAAA,gBAAgB,oBAQ5B","sourcesContent":["import {Request, Response} from 'express'\r\nimport Category, { CategoryI } from \"../models/Category\";\r\n\r\n\r\nexport const createCategory = async(req: Request, res: Response) => {\r\n    try {\r\n        const {categoryName}:CategoryI = req.body;\r\n\r\n        if(!categoryName) return res.status(404).json({message:\"No se proporciono un nombre de categoría\"});\r\n\r\n        const lowerCategoryName = categoryName.toLowerCase().trim();\r\n\r\n\r\n\r\n        const isCategory = await Category.findOne({'categoryName': lowerCategoryName});\r\n        if(isCategory) return res.status(400).json({message:\"La categoría ya existe\"});\r\n\r\n        const category = await Category.create({categoryName: lowerCategoryName});\r\n        await category.save();\r\n\r\n        res.status(201).json(category);\r\n\r\n    } catch (error) {\r\n        console.log(error)\r\n    }\r\n}\r\n\r\nexport const getAllCategories = async( req:Request, res:Response) => {\r\n    try {\r\n        const categories = await Category.find({});\r\n\r\n        res.json(categories);\r\n    } catch (error) {\r\n        console.log(error)\r\n    }\r\n}\r\n"]},"_coverageSchema":"1a1c01bbd47fc00a2c39e90264f33305004495a9","hash":"e53a100adecbfad2215c7df42dd0d4dff36f0d88","contentHash":"b4efc5d635f751d1c459355f387288305dfa23248fbdec2a84967d861a65eb62"},"C:\\Users\\marce\\OneDrive\\Escritorio\\ACL\\MERN\\src\\database\\config.ts":{"path":"C:\\Users\\marce\\OneDrive\\Escritorio\\ACL\\MERN\\src\\database\\config.ts","statementMap":{"0":{"start":{"line":2,"column":22},"end":{"line":4,"column":1}},"1":{"start":{"line":3,"column":4},"end":{"line":3,"column":62}},"2":{"start":{"line":5,"column":0},"end":{"line":5,"column":62}},"3":{"start":{"line":6,"column":19},"end":{"line":6,"column":55}},"4":{"start":{"line":7,"column":21},"end":{"line":18,"column":1}},"5":{"start":{"line":8,"column":4},"end":{"line":17,"column":5}},"6":{"start":{"line":9,"column":23},"end":{"line":9,"column":47}},"7":{"start":{"line":10,"column":8},"end":{"line":11,"column":66}},"8":{"start":{"line":11,"column":12},"end":{"line":11,"column":66}},"9":{"start":{"line":12,"column":8},"end":{"line":12,"column":49}},"10":{"start":{"line":13,"column":8},"end":{"line":13,"column":50}},"11":{"start":{"line":16,"column":8},"end":{"line":16,"column":60}},"12":{"start":{"line":19,"column":0},"end":{"line":19,"column":31}}},"fnMap":{"0":{"name":"(anonymous_0)","decl":{"start":{"line":2,"column":56},"end":{"line":2,"column":57}},"loc":{"start":{"line":2,"column":71},"end":{"line":4,"column":1}},"line":2},"1":{"name":"(anonymous_1)","decl":{"start":{"line":7,"column":21},"end":{"line":7,"column":22}},"loc":{"start":{"line":7,"column":33},"end":{"line":18,"column":1}},"line":7}},"branchMap":{"0":{"loc":{"start":{"line":2,"column":22},"end":{"line":4,"column":1}},"type":"binary-expr","locations":[{"start":{"line":2,"column":23},"end":{"line":2,"column":27}},{"start":{"line":2,"column":31},"end":{"line":2,"column":51}},{"start":{"line":2,"column":56},"end":{"line":4,"column":1}}],"line":2},"1":{"loc":{"start":{"line":3,"column":11},"end":{"line":3,"column":61}},"type":"cond-expr","locations":[{"start":{"line":3,"column":37},"end":{"line":3,"column":40}},{"start":{"line":3,"column":43},"end":{"line":3,"column":61}}],"line":3},"2":{"loc":{"start":{"line":3,"column":12},"end":{"line":3,"column":33}},"type":"binary-expr","locations":[{"start":{"line":3,"column":12},"end":{"line":3,"column":15}},{"start":{"line":3,"column":19},"end":{"line":3,"column":33}}],"line":3},"3":{"loc":{"start":{"line":9,"column":23},"end":{"line":9,"column":47}},"type":"binary-expr","locations":[{"start":{"line":9,"column":23},"end":{"line":9,"column":41}},{"start":{"line":9,"column":45},"end":{"line":9,"column":47}}],"line":9},"4":{"loc":{"start":{"line":10,"column":8},"end":{"line":11,"column":66}},"type":"if","locations":[{"start":{"line":10,"column":8},"end":{"line":11,"column":66}},{"start":{"line":10,"column":8},"end":{"line":11,"column":66}}],"line":10}},"s":{"0":1,"1":1,"2":1,"3":1,"4":1,"5":1,"6":1,"7":1,"8":0,"9":1,"10":1,"11":0,"12":1},"f":{"0":1,"1":1},"b":{"0":[1,1,1],"1":[0,1],"2":[1,1],"3":[1,0],"4":[0,1]},"inputSourceMap":{"version":3,"file":"C:/Users/marce/OneDrive/Escritorio/ACL/MERN/src/database/config.ts","sources":["C:/Users/marce/OneDrive/Escritorio/ACL/MERN/src/database/config.ts"],"names":[],"mappings":";;;;;AAAA,wDAA+B;AAG/B,MAAM,YAAY,GAAG,KAAK,IAAG,EAAE;IAC3B,IAAI;QACA,MAAM,MAAM,GAAG,OAAO,CAAC,GAAG,CAAC,MAAM,IAAI,EAAE,CAAC;QACxC,IAAG,CAAC,MAAM;YAAE,OAAO,8CAA8C,CAAC;QAGlE,MAAM,kBAAQ,CAAC,OAAO,CAAC,MAAM,CAAC,CAAC;QAE/B,OAAO,CAAC,GAAG,CAAC,4BAA4B,CAAC,CAAC;KAC7C;IAAC,OAAO,KAAK,EAAE;QACZ,OAAO,CAAC,KAAK,CAAC,6BAA6B,EAAE,KAAK,CAAC,CAAC;KACvD;AACL,CAAC,CAAA;AAED,kBAAe,YAAY,CAAC","sourcesContent":["import mongoose from \"mongoose\"\r\n\r\n\r\nconst dbConnection = async() => {\r\n    try {\r\n        const DB_URI = process.env.DB_URI || \"\";\r\n        if(!DB_URI) return \"No hay variable de entorno de conexion mongo\";\r\n\r\n\r\n        await mongoose.connect(DB_URI);\r\n\r\n        console.log('Conexión exitosa a MongoDB');\r\n    } catch (error) {\r\n        console.error('Error al conectar a MongoDB', error);\r\n    }\r\n}\r\n\r\nexport default dbConnection;"]},"_coverageSchema":"1a1c01bbd47fc00a2c39e90264f33305004495a9","hash":"0f0c5b4530e9bd290f01a482d275944e28a22a07","contentHash":"49ea29535a9f1e7bc3aabebd9856a9b964e5b2d2367f55e99a5ded954ab28406"}}